{"name":"socket-pt","hostname":"MTNB843","pid":6142,"level":30,"msg":"Transmission Log for URL: https://nginx-socket-jenius2-sit.ecommchannels.com/, number of users: 500","time":"2023-03-03T01:53:15.241Z","v":0}
{"name":"socket-pt","hostname":"MTNB843","pid":6142,"level":30,"msg":"==================================================================================","time":"2023-03-03T01:53:15.241Z","v":0}
{"name":"socket-pt","hostname":"MTNB843","pid":6142,"level":30,"msg":"Transimission time: 100001 +++++6#####","time":"2023-03-03T01:53:25.271Z","v":0}
{"name":"socket-pt","hostname":"MTNB843","pid":6142,"level":30,"msg":"Transimission time: 100002 +++++9#####","time":"2023-03-03T01:53:25.333Z","v":0}
{"name":"socket-pt","hostname":"MTNB843","pid":6142,"level":30,"msg":"Transimission time: 100003 +++++6.5#####","time":"2023-03-03T01:53:25.378Z","v":0}
{"name":"socket-pt","hostname":"MTNB843","pid":6142,"level":30,"msg":"Transimission time: 100004 +++++53.5#####","time":"2023-03-03T01:53:25.524Z","v":0}
{"name":"socket-pt","hostname":"MTNB843","pid":6142,"level":30,"msg":"Transimission time: 100005 +++++54.5#####","time":"2023-03-03T01:53:25.581Z","v":0}
{"name":"socket-pt","hostname":"MTNB843","pid":6142,"level":30,"msg":"Transimission time: 100007 +++++6.5#####","time":"2023-03-03T01:53:25.588Z","v":0}
{"name":"socket-pt","hostname":"MTNB843","pid":6142,"level":30,"msg":"Transimission time: 100006 +++++49.5#####","time":"2023-03-03T01:53:25.622Z","v":0}
{"name":"socket-pt","hostname":"MTNB843","pid":6142,"level":30,"msg":"Transimission time: 100008 +++++22.5#####","time":"2023-03-03T01:53:25.671Z","v":0}
{"name":"socket-pt","hostname":"MTNB843","pid":6142,"level":30,"msg":"Transimission time: 100009 +++++5.5#####","time":"2023-03-03T01:53:25.689Z","v":0}
{"name":"socket-pt","hostname":"MTNB843","pid":6142,"level":30,"msg":"Transimission time: 100010 +++++5#####","time":"2023-03-03T01:53:25.739Z","v":0}
{"name":"socket-pt","hostname":"MTNB843","pid":6142,"level":30,"msg":"Transimission time: 100011 +++++7.5#####","time":"2023-03-03T01:53:25.796Z","v":0}
{"name":"socket-pt","hostname":"MTNB843","pid":6142,"level":30,"msg":"Transimission time: 100014 +++++6.5#####","time":"2023-03-03T01:53:25.974Z","v":0}
{"name":"socket-pt","hostname":"MTNB843","pid":6142,"level":30,"msg":"Transimission time: 100016 +++++4.5#####","time":"2023-03-03T01:53:26.078Z","v":0}
{"name":"socket-pt","hostname":"MTNB843","pid":6142,"level":30,"msg":"Transimission time: 100019 +++++4#####","time":"2023-03-03T01:53:26.233Z","v":0}
{"name":"socket-pt","hostname":"MTNB843","pid":6142,"level":30,"msg":"Transimission time: 100021 +++++6#####","time":"2023-03-03T01:53:26.340Z","v":0}
{"name":"socket-pt","hostname":"MTNB843","pid":6142,"level":30,"msg":"Transimission time: 100022 +++++5#####","time":"2023-03-03T01:53:26.388Z","v":0}
{"name":"socket-pt","hostname":"MTNB843","pid":6142,"level":30,"msg":"Transimission time: 100023 +++++18.5#####","time":"2023-03-03T01:53:26.466Z","v":0}
{"name":"socket-pt","hostname":"MTNB843","pid":6142,"level":30,"msg":"Transimission time: 100025 +++++5.5#####","time":"2023-03-03T01:53:26.545Z","v":0}
{"name":"socket-pt","hostname":"MTNB843","pid":6142,"level":30,"msg":"Transimission time: 100015 +++++284.5#####","time":"2023-03-03T01:53:26.587Z","v":0}
{"name":"socket-pt","hostname":"MTNB843","pid":6142,"level":30,"msg":"Transimission time: 100026 +++++6.5#####","time":"2023-03-03T01:53:26.596Z","v":0}
{"name":"socket-pt","hostname":"MTNB843","pid":6142,"level":30,"msg":"Transimission time: 100028 +++++4.5#####","time":"2023-03-03T01:53:26.697Z","v":0}
{"name":"socket-pt","hostname":"MTNB843","pid":6142,"level":30,"msg":"Transimission time: 100030 +++++5.5#####","time":"2023-03-03T01:53:26.802Z","v":0}
{"name":"socket-pt","hostname":"MTNB843","pid":6142,"level":30,"msg":"Transimission time: 100031 +++++7#####","time":"2023-03-03T01:53:26.857Z","v":0}
{"name":"socket-pt","hostname":"MTNB843","pid":6142,"level":30,"msg":"Transimission time: 100032 +++++5.5#####","time":"2023-03-03T01:53:26.905Z","v":0}
{"name":"socket-pt","hostname":"MTNB843","pid":6142,"level":30,"msg":"Transimission time: 100034 +++++5.5#####","time":"2023-03-03T01:53:27.008Z","v":0}
{"name":"socket-pt","hostname":"MTNB843","pid":6142,"level":30,"msg":"Transimission time: 100035 +++++8#####","time":"2023-03-03T01:53:27.065Z","v":0}
{"name":"socket-pt","hostname":"MTNB843","pid":6142,"level":30,"msg":"Transimission time: 100033 +++++70#####","time":"2023-03-03T01:53:27.085Z","v":0}
{"name":"socket-pt","hostname":"MTNB843","pid":6142,"level":30,"msg":"Transimission time: 100020 +++++411.5#####","time":"2023-03-03T01:53:27.100Z","v":0}
{"name":"socket-pt","hostname":"MTNB843","pid":6142,"level":30,"msg":"Transimission time: 100037 +++++4.5#####","time":"2023-03-03T01:53:27.162Z","v":0}
{"name":"socket-pt","hostname":"MTNB843","pid":6142,"level":30,"msg":"Transimission time: 100041 +++++7#####","time":"2023-03-03T01:53:27.382Z","v":0}
{"name":"socket-pt","hostname":"MTNB843","pid":6142,"level":30,"msg":"Transimission time: 100012 +++++781.5#####","time":"2023-03-03T01:53:27.396Z","v":0}
{"name":"socket-pt","hostname":"MTNB843","pid":6142,"level":30,"msg":"Transimission time: 100042 +++++5#####","time":"2023-03-03T01:53:27.432Z","v":0}
{"name":"socket-pt","hostname":"MTNB843","pid":6142,"level":30,"msg":"Transimission time: 100043 +++++6.5#####","time":"2023-03-03T01:53:27.494Z","v":0}
{"name":"socket-pt","hostname":"MTNB843","pid":6142,"level":30,"msg":"Transimission time: 100044 +++++5.5#####","time":"2023-03-03T01:53:27.538Z","v":0}
{"name":"socket-pt","hostname":"MTNB843","pid":6142,"level":30,"msg":"Transimission time: 100013 +++++856#####","time":"2023-03-03T01:53:27.596Z","v":0}
{"name":"socket-pt","hostname":"MTNB843","pid":6142,"level":30,"msg":"Transimission time: 100046 +++++7.5#####","time":"2023-03-03T01:53:27.646Z","v":0}
{"name":"socket-pt","hostname":"MTNB843","pid":6142,"level":30,"msg":"Transimission time: 100047 +++++6#####","time":"2023-03-03T01:53:27.694Z","v":0}
{"name":"socket-pt","hostname":"MTNB843","pid":6142,"level":30,"msg":"Transimission time: 100049 +++++8#####","time":"2023-03-03T01:53:27.806Z","v":0}
{"name":"socket-pt","hostname":"MTNB843","pid":6142,"level":30,"msg":"Transimission time: 100050 +++++6#####","time":"2023-03-03T01:53:27.854Z","v":0}
{"name":"socket-pt","hostname":"MTNB843","pid":6142,"level":30,"msg":"Transimission time: 100052 +++++6#####","time":"2023-03-03T01:53:27.969Z","v":0}
{"name":"socket-pt","hostname":"MTNB843","pid":6142,"level":30,"msg":"Transimission time: 100053 +++++8.5#####","time":"2023-03-03T01:53:28.027Z","v":0}
{"name":"socket-pt","hostname":"MTNB843","pid":6142,"level":30,"msg":"Transimission time: 100055 +++++6#####","time":"2023-03-03T01:53:28.125Z","v":0}
{"name":"socket-pt","hostname":"MTNB843","pid":6142,"level":30,"msg":"Transimission time: 100056 +++++5#####","time":"2023-03-03T01:53:28.173Z","v":0}
{"name":"socket-pt","hostname":"MTNB843","pid":6142,"level":30,"msg":"Transimission time: 100017 +++++1090.5#####","time":"2023-03-03T01:53:28.303Z","v":0}
{"name":"socket-pt","hostname":"MTNB843","pid":6142,"level":30,"msg":"Transimission time: 100059 +++++5#####","time":"2023-03-03T01:53:28.328Z","v":0}
{"name":"socket-pt","hostname":"MTNB843","pid":6142,"level":30,"msg":"Transimission time: 100018 +++++1112#####","time":"2023-03-03T01:53:28.397Z","v":0}
{"name":"socket-pt","hostname":"MTNB843","pid":6142,"level":30,"msg":"Transimission time: 100061 +++++20.5#####","time":"2023-03-03T01:53:28.460Z","v":0}
{"name":"socket-pt","hostname":"MTNB843","pid":6142,"level":30,"msg":"Transimission time: 100062 +++++4.5#####","time":"2023-03-03T01:53:28.482Z","v":0}
{"name":"socket-pt","hostname":"MTNB843","pid":6142,"level":30,"msg":"Transimission time: 100060 +++++78#####","time":"2023-03-03T01:53:28.523Z","v":0}
{"name":"socket-pt","hostname":"MTNB843","pid":6142,"level":30,"msg":"Transimission time: 100063 +++++5#####","time":"2023-03-03T01:53:28.535Z","v":0}
{"name":"socket-pt","hostname":"MTNB843","pid":6142,"level":30,"msg":"Transimission time: 100065 +++++5.5#####","time":"2023-03-03T01:53:28.640Z","v":0}
{"name":"socket-pt","hostname":"MTNB843","pid":6142,"level":30,"msg":"Transimission time: 100066 +++++7#####","time":"2023-03-03T01:53:28.693Z","v":0}
{"name":"socket-pt","hostname":"MTNB843","pid":6142,"level":30,"msg":"Transimission time: 100068 +++++4.5#####","time":"2023-03-03T01:53:28.795Z","v":0}
{"name":"socket-pt","hostname":"MTNB843","pid":6142,"level":30,"msg":"Transimission time: 100069 +++++6#####","time":"2023-03-03T01:53:28.849Z","v":0}
{"name":"socket-pt","hostname":"MTNB843","pid":6142,"level":30,"msg":"Transimission time: 100071 +++++4#####","time":"2023-03-03T01:53:28.965Z","v":0}
{"name":"socket-pt","hostname":"MTNB843","pid":6142,"level":30,"msg":"Transimission time: 100024 +++++1254.5#####","time":"2023-03-03T01:53:29.000Z","v":0}
{"name":"socket-pt","hostname":"MTNB843","pid":6142,"level":30,"msg":"Transimission time: 100074 +++++5.5#####","time":"2023-03-03T01:53:29.122Z","v":0}
{"name":"socket-pt","hostname":"MTNB843","pid":6142,"level":30,"msg":"Transimission time: 100075 +++++6#####","time":"2023-03-03T01:53:29.175Z","v":0}
{"name":"socket-pt","hostname":"MTNB843","pid":6142,"level":30,"msg":"Transimission time: 100027 +++++1282.5#####","time":"2023-03-03T01:53:29.200Z","v":0}
{"name":"socket-pt","hostname":"MTNB843","pid":6142,"level":30,"msg":"Transimission time: 100076 +++++4.5#####","time":"2023-03-03T01:53:29.223Z","v":0}
{"name":"socket-pt","hostname":"MTNB843","pid":6142,"level":30,"msg":"Transimission time: 100077 +++++4.5#####","time":"2023-03-03T01:53:29.274Z","v":0}
{"name":"socket-pt","hostname":"MTNB843","pid":6142,"level":30,"msg":"Transimission time: 100029 +++++1279#####","time":"2023-03-03T01:53:29.298Z","v":0}
{"name":"socket-pt","hostname":"MTNB843","pid":6142,"level":30,"msg":"Transimission time: 100078 +++++5.5#####","time":"2023-03-03T01:53:29.328Z","v":0}
{"name":"socket-pt","hostname":"MTNB843","pid":6142,"level":30,"msg":"Transimission time: 100079 +++++6#####","time":"2023-03-03T01:53:29.379Z","v":0}
{"name":"socket-pt","hostname":"MTNB843","pid":6142,"level":30,"msg":"Transimission time: 100080 +++++8#####","time":"2023-03-03T01:53:29.436Z","v":0}
{"name":"socket-pt","hostname":"MTNB843","pid":6142,"level":30,"msg":"Transimission time: 100081 +++++6.5#####","time":"2023-03-03T01:53:29.484Z","v":0}
{"name":"socket-pt","hostname":"MTNB843","pid":6142,"level":30,"msg":"Transimission time: 100082 +++++4.5#####","time":"2023-03-03T01:53:29.533Z","v":0}
{"name":"socket-pt","hostname":"MTNB843","pid":6142,"level":30,"msg":"Transimission time: 100083 +++++4.5#####","time":"2023-03-03T01:53:29.582Z","v":0}
{"name":"socket-pt","hostname":"MTNB843","pid":6142,"level":30,"msg":"Transimission time: 100038 +++++1196#####","time":"2023-03-03T01:53:29.604Z","v":0}
{"name":"socket-pt","hostname":"MTNB843","pid":6142,"level":30,"msg":"Transimission time: 100040 +++++1144.5#####","time":"2023-03-03T01:53:29.605Z","v":0}
{"name":"socket-pt","hostname":"MTNB843","pid":6142,"level":30,"msg":"Transimission time: 100048 +++++935#####","time":"2023-03-03T01:53:29.605Z","v":0}
{"name":"socket-pt","hostname":"MTNB843","pid":6142,"level":30,"msg":"Transimission time: 100084 +++++4.5#####","time":"2023-03-03T01:53:29.634Z","v":0}
{"name":"socket-pt","hostname":"MTNB843","pid":6142,"level":30,"msg":"Transimission time: 100085 +++++5.5#####","time":"2023-03-03T01:53:29.688Z","v":0}
{"name":"socket-pt","hostname":"MTNB843","pid":6142,"level":30,"msg":"Transimission time: 100086 +++++4.5#####","time":"2023-03-03T01:53:29.738Z","v":0}
{"name":"socket-pt","hostname":"MTNB843","pid":6142,"level":30,"msg":"Transimission time: 100087 +++++5#####","time":"2023-03-03T01:53:29.789Z","v":0}
{"name":"socket-pt","hostname":"MTNB843","pid":6142,"level":30,"msg":"Transimission time: 100088 +++++6#####","time":"2023-03-03T01:53:29.844Z","v":0}
{"name":"socket-pt","hostname":"MTNB843","pid":6142,"level":30,"msg":"Transimission time: 100089 +++++7.5#####","time":"2023-03-03T01:53:29.899Z","v":0}
{"name":"socket-pt","hostname":"MTNB843","pid":6142,"level":30,"msg":"Transimission time: 100091 +++++6#####","time":"2023-03-03T01:53:29.999Z","v":0}
{"name":"socket-pt","hostname":"MTNB843","pid":6142,"level":30,"msg":"Transimission time: 100092 +++++6#####","time":"2023-03-03T01:53:30.051Z","v":0}
{"name":"socket-pt","hostname":"MTNB843","pid":6142,"level":30,"msg":"Transimission time: 100093 +++++6.5#####","time":"2023-03-03T01:53:30.103Z","v":0}
{"name":"socket-pt","hostname":"MTNB843","pid":6142,"level":30,"msg":"Transimission time: 100094 +++++21.5#####","time":"2023-03-03T01:53:30.184Z","v":0}
{"name":"socket-pt","hostname":"MTNB843","pid":6142,"level":30,"msg":"Transimission time: 100096 +++++5.5#####","time":"2023-03-03T01:53:30.254Z","v":0}
{"name":"socket-pt","hostname":"MTNB843","pid":6142,"level":30,"msg":"Transimission time: 100097 +++++5#####","time":"2023-03-03T01:53:30.304Z","v":0}
{"name":"socket-pt","hostname":"MTNB843","pid":6142,"level":30,"msg":"Transimission time: 100098 +++++22#####","time":"2023-03-03T01:53:30.389Z","v":0}
{"name":"socket-pt","hostname":"MTNB843","pid":6142,"level":30,"msg":"Transimission time: 100099 +++++4.5#####","time":"2023-03-03T01:53:30.408Z","v":0}
{"name":"socket-pt","hostname":"MTNB843","pid":6142,"level":30,"msg":"Transimission time: 100102 +++++5#####","time":"2023-03-03T01:53:30.566Z","v":0}
{"name":"socket-pt","hostname":"MTNB843","pid":6142,"level":30,"msg":"Transimission time: 100103 +++++6.5#####","time":"2023-03-03T01:53:30.618Z","v":0}
{"name":"socket-pt","hostname":"MTNB843","pid":6142,"level":30,"msg":"Transimission time: 100104 +++++10.5#####","time":"2023-03-03T01:53:30.677Z","v":0}
{"name":"socket-pt","hostname":"MTNB843","pid":6142,"level":30,"msg":"Transimission time: 100106 +++++6#####","time":"2023-03-03T01:53:30.773Z","v":0}
{"name":"socket-pt","hostname":"MTNB843","pid":6142,"level":30,"msg":"Transimission time: 100107 +++++4.5#####","time":"2023-03-03T01:53:30.822Z","v":0}
{"name":"socket-pt","hostname":"MTNB843","pid":6142,"level":30,"msg":"Transimission time: 100108 +++++9.5#####","time":"2023-03-03T01:53:30.882Z","v":0}
{"name":"socket-pt","hostname":"MTNB843","pid":6142,"level":30,"msg":"Transimission time: 100109 +++++8.5#####","time":"2023-03-03T01:53:30.931Z","v":0}
{"name":"socket-pt","hostname":"MTNB843","pid":6142,"level":30,"msg":"Transimission time: 100110 +++++8.5#####","time":"2023-03-03T01:53:30.982Z","v":0}
{"name":"socket-pt","hostname":"MTNB843","pid":6142,"level":30,"msg":"Transimission time: 100111 +++++4.5#####","time":"2023-03-03T01:53:31.026Z","v":0}
{"name":"socket-pt","hostname":"MTNB843","pid":6142,"level":30,"msg":"Transimission time: 100114 +++++5#####","time":"2023-03-03T01:53:31.190Z","v":0}
{"name":"socket-pt","hostname":"MTNB843","pid":6142,"level":30,"msg":"Transimission time: 100112 +++++62#####","time":"2023-03-03T01:53:31.200Z","v":0}
{"name":"socket-pt","hostname":"MTNB843","pid":6142,"level":30,"msg":"Transimission time: 100115 +++++4.5#####","time":"2023-03-03T01:53:31.239Z","v":0}
{"name":"socket-pt","hostname":"MTNB843","pid":6142,"level":30,"msg":"Transimission time: 100116 +++++6#####","time":"2023-03-03T01:53:31.293Z","v":0}
{"name":"socket-pt","hostname":"MTNB843","pid":6142,"level":30,"msg":"Transimission time: 100117 +++++8.5#####","time":"2023-03-03T01:53:31.349Z","v":0}
{"name":"socket-pt","hostname":"MTNB843","pid":6142,"level":30,"msg":"Transimission time: 100118 +++++5.5#####","time":"2023-03-03T01:53:31.397Z","v":0}
{"name":"socket-pt","hostname":"MTNB843","pid":6142,"level":30,"msg":"Transimission time: 100119 +++++5#####","time":"2023-03-03T01:53:31.446Z","v":0}
{"name":"socket-pt","hostname":"MTNB843","pid":6142,"level":30,"msg":"Transimission time: 100120 +++++7.5#####","time":"2023-03-03T01:53:31.502Z","v":0}
{"name":"socket-pt","hostname":"MTNB843","pid":6142,"level":30,"msg":"Transimission time: 100121 +++++13.5#####","time":"2023-03-03T01:53:31.565Z","v":0}
{"name":"socket-pt","hostname":"MTNB843","pid":6142,"level":30,"msg":"Transimission time: 100122 +++++7#####","time":"2023-03-03T01:53:31.604Z","v":0}
{"name":"socket-pt","hostname":"MTNB843","pid":6142,"level":30,"msg":"Transimission time: 100125 +++++5#####","time":"2023-03-03T01:53:31.756Z","v":0}
{"name":"socket-pt","hostname":"MTNB843","pid":6142,"level":30,"msg":"Transimission time: 100126 +++++6.5#####","time":"2023-03-03T01:53:31.810Z","v":0}
{"name":"socket-pt","hostname":"MTNB843","pid":6142,"level":30,"msg":"Transimission time: 100127 +++++5#####","time":"2023-03-03T01:53:31.859Z","v":0}
{"name":"socket-pt","hostname":"MTNB843","pid":6142,"level":30,"msg":"Transimission time: 100128 +++++8#####","time":"2023-03-03T01:53:31.917Z","v":0}
{"name":"socket-pt","hostname":"MTNB843","pid":6142,"level":30,"msg":"Transimission time: 100130 +++++6.5#####","time":"2023-03-03T01:53:32.016Z","v":0}
{"name":"socket-pt","hostname":"MTNB843","pid":6142,"level":30,"msg":"Transimission time: 100129 +++++54.5#####","time":"2023-03-03T01:53:32.061Z","v":0}
{"name":"socket-pt","hostname":"MTNB843","pid":6142,"level":30,"msg":"Transimission time: 100131 +++++7.5#####","time":"2023-03-03T01:53:32.070Z","v":0}
{"name":"socket-pt","hostname":"MTNB843","pid":6142,"level":30,"msg":"Transimission time: 100132 +++++5.5#####","time":"2023-03-03T01:53:32.116Z","v":0}
{"name":"socket-pt","hostname":"MTNB843","pid":6142,"level":30,"msg":"Transimission time: 100133 +++++13#####","time":"2023-03-03T01:53:32.185Z","v":0}
{"name":"socket-pt","hostname":"MTNB843","pid":6142,"level":30,"msg":"Transimission time: 100134 +++++28#####","time":"2023-03-03T01:53:32.267Z","v":0}
{"name":"socket-pt","hostname":"MTNB843","pid":6142,"level":30,"msg":"Transimission time: 100136 +++++5.5#####","time":"2023-03-03T01:53:32.327Z","v":0}
{"name":"socket-pt","hostname":"MTNB843","pid":6142,"level":30,"msg":"Transimission time: 100135 +++++52#####","time":"2023-03-03T01:53:32.366Z","v":0}
{"name":"socket-pt","hostname":"MTNB843","pid":6142,"level":30,"msg":"Transimission time: 100138 +++++7.5#####","time":"2023-03-03T01:53:32.433Z","v":0}
{"name":"socket-pt","hostname":"MTNB843","pid":6142,"level":30,"msg":"Transimission time: 100140 +++++5.5#####","time":"2023-03-03T01:53:32.536Z","v":0}
{"name":"socket-pt","hostname":"MTNB843","pid":6142,"level":30,"msg":"Transimission time: 100141 +++++4.5#####","time":"2023-03-03T01:53:32.584Z","v":0}
{"name":"socket-pt","hostname":"MTNB843","pid":6142,"level":30,"msg":"Transimission time: 100142 +++++6#####","time":"2023-03-03T01:53:32.637Z","v":0}
{"name":"socket-pt","hostname":"MTNB843","pid":6142,"level":30,"msg":"Transimission time: 100139 +++++106#####","time":"2023-03-03T01:53:32.682Z","v":0}
{"name":"socket-pt","hostname":"MTNB843","pid":6142,"level":30,"msg":"Transimission time: 100143 +++++6#####","time":"2023-03-03T01:53:32.689Z","v":0}
{"name":"socket-pt","hostname":"MTNB843","pid":6142,"level":30,"msg":"Transimission time: 100137 +++++247.5#####","time":"2023-03-03T01:53:32.861Z","v":0}
{"name":"socket-pt","hostname":"MTNB843","pid":6142,"level":30,"msg":"Transimission time: 100145 +++++54#####","time":"2023-03-03T01:53:32.887Z","v":0}
{"name":"socket-pt","hostname":"MTNB843","pid":6142,"level":30,"msg":"Transimission time: 100147 +++++39.5#####","time":"2023-03-03T01:53:32.961Z","v":0}
{"name":"socket-pt","hostname":"MTNB843","pid":6142,"level":30,"msg":"Transimission time: 100057 +++++2392#####","time":"2023-03-03T01:53:32.999Z","v":0}
{"name":"socket-pt","hostname":"MTNB843","pid":6142,"level":30,"msg":"Transimission time: 100150 +++++6.5#####","time":"2023-03-03T01:53:33.048Z","v":0}
{"name":"socket-pt","hostname":"MTNB843","pid":6142,"level":30,"msg":"Transimission time: 100148 +++++66#####","time":"2023-03-03T01:53:33.065Z","v":0}
{"name":"socket-pt","hostname":"MTNB843","pid":6142,"level":30,"msg":"Transimission time: 100036 +++++2999#####","time":"2023-03-03T01:53:33.098Z","v":0}
{"name":"socket-pt","hostname":"MTNB843","pid":6142,"level":30,"msg":"Transimission time: 100151 +++++6#####","time":"2023-03-03T01:53:33.100Z","v":0}
{"name":"socket-pt","hostname":"MTNB843","pid":6142,"level":30,"msg":"Transimission time: 100039 +++++2969.5#####","time":"2023-03-03T01:53:33.201Z","v":0}
{"name":"socket-pt","hostname":"MTNB843","pid":6142,"level":30,"msg":"Transimission time: 100045 +++++2811#####","time":"2023-03-03T01:53:33.201Z","v":0}
{"name":"socket-pt","hostname":"MTNB843","pid":6142,"level":30,"msg":"Transimission time: 100051 +++++2650#####","time":"2023-03-03T01:53:33.206Z","v":0}
{"name":"socket-pt","hostname":"MTNB843","pid":6142,"level":30,"msg":"Transimission time: 100154 +++++8#####","time":"2023-03-03T01:53:33.260Z","v":0}
{"name":"socket-pt","hostname":"MTNB843","pid":6142,"level":30,"msg":"Transimission time: 100054 +++++2619.5#####","time":"2023-03-03T01:53:33.299Z","v":0}
{"name":"socket-pt","hostname":"MTNB843","pid":6142,"level":30,"msg":"Transimission time: 100058 +++++2516.5#####","time":"2023-03-03T01:53:33.299Z","v":0}
{"name":"socket-pt","hostname":"MTNB843","pid":6142,"level":30,"msg":"Transimission time: 100152 +++++109#####","time":"2023-03-03T01:53:33.359Z","v":0}
{"name":"socket-pt","hostname":"MTNB843","pid":6142,"level":30,"msg":"Transimission time: 100153 +++++84.5#####","time":"2023-03-03T01:53:33.361Z","v":0}
{"name":"socket-pt","hostname":"MTNB843","pid":6142,"level":30,"msg":"Transimission time: 100155 +++++33#####","time":"2023-03-03T01:53:33.361Z","v":0}
{"name":"socket-pt","hostname":"MTNB843","pid":6142,"level":30,"msg":"Transimission time: 100064 +++++2410#####","time":"2023-03-03T01:53:33.398Z","v":0}
{"name":"socket-pt","hostname":"MTNB843","pid":6142,"level":30,"msg":"Transimission time: 100067 +++++2334#####","time":"2023-03-03T01:53:33.399Z","v":0}
{"name":"socket-pt","hostname":"MTNB843","pid":6142,"level":30,"msg":"Transimission time: 100157 +++++4.5#####","time":"2023-03-03T01:53:33.408Z","v":0}
{"name":"socket-pt","hostname":"MTNB843","pid":6142,"level":30,"msg":"Transimission time: 100158 +++++9.5#####","time":"2023-03-03T01:53:33.471Z","v":0}
{"name":"socket-pt","hostname":"MTNB843","pid":6142,"level":30,"msg":"Transimission time: 100160 +++++8#####","time":"2023-03-03T01:53:33.570Z","v":0}
{"name":"socket-pt","hostname":"MTNB843","pid":6142,"level":30,"msg":"Transimission time: 100161 +++++10.5#####","time":"2023-03-03T01:53:33.628Z","v":0}
{"name":"socket-pt","hostname":"MTNB843","pid":6142,"level":30,"msg":"Transimission time: 100162 +++++6.5#####","time":"2023-03-03T01:53:33.671Z","v":0}
{"name":"socket-pt","hostname":"MTNB843","pid":6142,"level":30,"msg":"Transimission time: 100164 +++++7#####","time":"2023-03-03T01:53:33.776Z","v":0}
{"name":"socket-pt","hostname":"MTNB843","pid":6142,"level":30,"msg":"Transimission time: 100165 +++++5.5#####","time":"2023-03-03T01:53:33.824Z","v":0}
{"name":"socket-pt","hostname":"MTNB843","pid":6142,"level":30,"msg":"Transimission time: 100167 +++++5#####","time":"2023-03-03T01:53:33.925Z","v":0}
{"name":"socket-pt","hostname":"MTNB843","pid":6142,"level":30,"msg":"Transimission time: 100168 +++++5.5#####","time":"2023-03-03T01:53:33.979Z","v":0}
{"name":"socket-pt","hostname":"MTNB843","pid":6142,"level":30,"msg":"Transimission time: 100169 +++++5#####","time":"2023-03-03T01:53:34.031Z","v":0}
{"name":"socket-pt","hostname":"MTNB843","pid":6142,"level":30,"msg":"Transimission time: 100170 +++++5.5#####","time":"2023-03-03T01:53:34.083Z","v":0}
{"name":"socket-pt","hostname":"MTNB843","pid":6142,"level":30,"msg":"Transimission time: 100172 +++++5.5#####","time":"2023-03-03T01:53:34.187Z","v":0}
{"name":"socket-pt","hostname":"MTNB843","pid":6142,"level":30,"msg":"Transimission time: 100173 +++++12.5#####","time":"2023-03-03T01:53:34.252Z","v":0}
{"name":"socket-pt","hostname":"MTNB843","pid":6142,"level":30,"msg":"Transimission time: 100175 +++++9#####","time":"2023-03-03T01:53:34.350Z","v":0}
{"name":"socket-pt","hostname":"MTNB843","pid":6142,"level":30,"msg":"Transimission time: 100176 +++++7#####","time":"2023-03-03T01:53:34.398Z","v":0}
{"name":"socket-pt","hostname":"MTNB843","pid":6142,"level":30,"msg":"Transimission time: 100070 +++++2747.5#####","time":"2023-03-03T01:53:34.399Z","v":0}
{"name":"socket-pt","hostname":"MTNB843","pid":6142,"level":30,"msg":"Transimission time: 100073 +++++2670#####","time":"2023-03-03T01:53:34.401Z","v":0}
{"name":"socket-pt","hostname":"MTNB843","pid":6142,"level":30,"msg":"Transimission time: 100090 +++++2233.5#####","time":"2023-03-03T01:53:34.401Z","v":0}
{"name":"socket-pt","hostname":"MTNB843","pid":6142,"level":30,"msg":"Transimission time: 100095 +++++2105.5#####","time":"2023-03-03T01:53:34.402Z","v":0}
{"name":"socket-pt","hostname":"MTNB843","pid":6142,"level":30,"msg":"Transimission time: 100100 +++++1975.5#####","time":"2023-03-03T01:53:34.402Z","v":0}
{"name":"socket-pt","hostname":"MTNB843","pid":6142,"level":30,"msg":"Transimission time: 100101 +++++1949#####","time":"2023-03-03T01:53:34.402Z","v":0}
{"name":"socket-pt","hostname":"MTNB843","pid":6142,"level":30,"msg":"Transimission time: 100105 +++++1847#####","time":"2023-03-03T01:53:34.402Z","v":0}
{"name":"socket-pt","hostname":"MTNB843","pid":6142,"level":30,"msg":"Transimission time: 100072 +++++2698#####","time":"2023-03-03T01:53:34.404Z","v":0}
{"name":"socket-pt","hostname":"MTNB843","pid":6142,"level":30,"msg":"Transimission time: 100177 +++++5#####","time":"2023-03-03T01:53:34.445Z","v":0}
{"name":"socket-pt","hostname":"MTNB843","pid":6142,"level":30,"msg":"Transimission time: 100113 +++++1688#####","time":"2023-03-03T01:53:34.505Z","v":0}
{"name":"socket-pt","hostname":"MTNB843","pid":6142,"level":30,"msg":"Transimission time: 100124 +++++1405.5#####","time":"2023-03-03T01:53:34.505Z","v":0}
{"name":"socket-pt","hostname":"MTNB843","pid":6142,"level":30,"msg":"Transimission time: 100179 +++++7#####","time":"2023-03-03T01:53:34.552Z","v":0}
{"name":"socket-pt","hostname":"MTNB843","pid":6142,"level":30,"msg":"Transimission time: 100180 +++++5.5#####","time":"2023-03-03T01:53:34.600Z","v":0}
{"name":"socket-pt","hostname":"MTNB843","pid":6142,"level":30,"msg":"Transimission time: 100182 +++++4.5#####","time":"2023-03-03T01:53:34.701Z","v":0}
{"name":"socket-pt","hostname":"MTNB843","pid":6142,"level":30,"msg":"Transimission time: 100183 +++++6#####","time":"2023-03-03T01:53:34.755Z","v":0}
{"name":"socket-pt","hostname":"MTNB843","pid":6142,"level":30,"msg":"Transimission time: 100186 +++++6.5#####","time":"2023-03-03T01:53:34.910Z","v":0}
{"name":"socket-pt","hostname":"MTNB843","pid":6142,"level":30,"msg":"Transimission time: 100188 +++++11#####","time":"2023-03-03T01:53:35.022Z","v":0}
{"name":"socket-pt","hostname":"MTNB843","pid":6142,"level":30,"msg":"Transimission time: 100189 +++++6#####","time":"2023-03-03T01:53:35.065Z","v":0}
{"name":"socket-pt","hostname":"MTNB843","pid":6142,"level":30,"msg":"Transimission time: 100190 +++++7.5#####","time":"2023-03-03T01:53:35.118Z","v":0}
{"name":"socket-pt","hostname":"MTNB843","pid":6142,"level":30,"msg":"Transimission time: 100191 +++++16#####","time":"2023-03-03T01:53:35.190Z","v":0}
{"name":"socket-pt","hostname":"MTNB843","pid":6142,"level":30,"msg":"Transimission time: 100192 +++++8.5#####","time":"2023-03-03T01:53:35.226Z","v":0}
{"name":"socket-pt","hostname":"MTNB843","pid":6142,"level":30,"msg":"Transimission time: 100194 +++++7.5#####","time":"2023-03-03T01:53:35.329Z","v":0}
{"name":"socket-pt","hostname":"MTNB843","pid":6142,"level":30,"msg":"Transimission time: 100195 +++++5#####","time":"2023-03-03T01:53:35.375Z","v":0}
{"name":"socket-pt","hostname":"MTNB843","pid":6142,"level":30,"msg":"Transimission time: 100144 +++++1335.5#####","time":"2023-03-03T01:53:35.399Z","v":0}
{"name":"socket-pt","hostname":"MTNB843","pid":6142,"level":30,"msg":"Transimission time: 100146 +++++1284.5#####","time":"2023-03-03T01:53:35.399Z","v":0}
{"name":"socket-pt","hostname":"MTNB843","pid":6142,"level":30,"msg":"Transimission time: 100149 +++++1208#####","time":"2023-03-03T01:53:35.399Z","v":0}
{"name":"socket-pt","hostname":"MTNB843","pid":6142,"level":30,"msg":"Transimission time: 100123 +++++1879#####","time":"2023-03-03T01:53:35.399Z","v":0}
{"name":"socket-pt","hostname":"MTNB843","pid":6142,"level":30,"msg":"Transimission time: 100156 +++++1026.5#####","time":"2023-03-03T01:53:35.400Z","v":0}
{"name":"socket-pt","hostname":"MTNB843","pid":6142,"level":30,"msg":"Transimission time: 100163 +++++845#####","time":"2023-03-03T01:53:35.400Z","v":0}
{"name":"socket-pt","hostname":"MTNB843","pid":6142,"level":30,"msg":"Transimission time: 100174 +++++560.5#####","time":"2023-03-03T01:53:35.400Z","v":0}
{"name":"socket-pt","hostname":"MTNB843","pid":6142,"level":30,"msg":"Transimission time: 100159 +++++948.5#####","time":"2023-03-03T01:53:35.400Z","v":0}
{"name":"socket-pt","hostname":"MTNB843","pid":6142,"level":30,"msg":"Transimission time: 100196 +++++7#####","time":"2023-03-03T01:53:35.430Z","v":0}
{"name":"socket-pt","hostname":"MTNB843","pid":6142,"level":30,"msg":"Transimission time: 100197 +++++6#####","time":"2023-03-03T01:53:35.484Z","v":0}
{"name":"socket-pt","hostname":"MTNB843","pid":6142,"level":30,"msg":"Transimission time: 100166 +++++817#####","time":"2023-03-03T01:53:35.497Z","v":0}
{"name":"socket-pt","hostname":"MTNB843","pid":6142,"level":30,"msg":"Transimission time: 100171 +++++686.5#####","time":"2023-03-03T01:53:35.497Z","v":0}
{"name":"socket-pt","hostname":"MTNB843","pid":6142,"level":30,"msg":"Transimission time: 100198 +++++5#####","time":"2023-03-03T01:53:35.533Z","v":0}
{"name":"socket-pt","hostname":"MTNB843","pid":6142,"level":30,"msg":"Transimission time: 100199 +++++5#####","time":"2023-03-03T01:53:35.585Z","v":0}
{"name":"socket-pt","hostname":"MTNB843","pid":6142,"level":30,"msg":"Transimission time: 100200 +++++4.5#####","time":"2023-03-03T01:53:35.636Z","v":0}
{"name":"socket-pt","hostname":"MTNB843","pid":6142,"level":30,"msg":"Transimission time: 100202 +++++27#####","time":"2023-03-03T01:53:35.784Z","v":0}
{"name":"socket-pt","hostname":"MTNB843","pid":6142,"level":30,"msg":"Transimission time: 100203 +++++5.5#####","time":"2023-03-03T01:53:35.792Z","v":0}
{"name":"socket-pt","hostname":"MTNB843","pid":6142,"level":30,"msg":"Transimission time: 100204 +++++5.5#####","time":"2023-03-03T01:53:35.844Z","v":0}
{"name":"socket-pt","hostname":"MTNB843","pid":6142,"level":30,"msg":"Transimission time: 100205 +++++13.5#####","time":"2023-03-03T01:53:35.911Z","v":0}
{"name":"socket-pt","hostname":"MTNB843","pid":6142,"level":30,"msg":"Transimission time: 100206 +++++32#####","time":"2023-03-03T01:53:36.000Z","v":0}
{"name":"socket-pt","hostname":"MTNB843","pid":6142,"level":30,"msg":"Transimission time: 100207 +++++48.5#####","time":"2023-03-03T01:53:36.083Z","v":0}
{"name":"socket-pt","hostname":"MTNB843","pid":6142,"level":30,"msg":"Transimission time: 100208 +++++26#####","time":"2023-03-03T01:53:36.090Z","v":0}
{"name":"socket-pt","hostname":"MTNB843","pid":6142,"level":30,"msg":"Transimission time: 100209 +++++6#####","time":"2023-03-03T01:53:36.103Z","v":0}
{"name":"socket-pt","hostname":"MTNB843","pid":6142,"level":30,"msg":"Transimission time: 100211 +++++34.5#####","time":"2023-03-03T01:53:36.267Z","v":0}
{"name":"socket-pt","hostname":"MTNB843","pid":6142,"level":30,"msg":"Transimission time: 100178 +++++907.5#####","time":"2023-03-03T01:53:36.302Z","v":0}
{"name":"socket-pt","hostname":"MTNB843","pid":6142,"level":30,"msg":"Transimission time: 100181 +++++831#####","time":"2023-03-03T01:53:36.302Z","v":0}
{"name":"socket-pt","hostname":"MTNB843","pid":6142,"level":30,"msg":"Transimission time: 100185 +++++728#####","time":"2023-03-03T01:53:36.302Z","v":0}
{"name":"socket-pt","hostname":"MTNB843","pid":6142,"level":30,"msg":"Transimission time: 100193 +++++523.5#####","time":"2023-03-03T01:53:36.307Z","v":0}
{"name":"socket-pt","hostname":"MTNB843","pid":6142,"level":30,"msg":"Transimission time: 100213 +++++5#####","time":"2023-03-03T01:53:36.312Z","v":0}
{"name":"socket-pt","hostname":"MTNB843","pid":6142,"level":30,"msg":"Transimission time: 100215 +++++7.5#####","time":"2023-03-03T01:53:36.419Z","v":0}
{"name":"socket-pt","hostname":"MTNB843","pid":6142,"level":30,"msg":"Transimission time: 100216 +++++7.5#####","time":"2023-03-03T01:53:36.506Z","v":0}
{"name":"socket-pt","hostname":"MTNB843","pid":6142,"level":30,"msg":"Transimission time: 100217 +++++5.5#####","time":"2023-03-03T01:53:36.556Z","v":0}
{"name":"socket-pt","hostname":"MTNB843","pid":6142,"level":30,"msg":"Transimission time: 100218 +++++7#####","time":"2023-03-03T01:53:36.611Z","v":0}
{"name":"socket-pt","hostname":"MTNB843","pid":6142,"level":30,"msg":"Transimission time: 100219 +++++7#####","time":"2023-03-03T01:53:36.664Z","v":0}
{"name":"socket-pt","hostname":"MTNB843","pid":6142,"level":30,"msg":"Transimission time: 100220 +++++6.5#####","time":"2023-03-03T01:53:36.716Z","v":0}
{"name":"socket-pt","hostname":"MTNB843","pid":6142,"level":30,"msg":"Transimission time: 100221 +++++6#####","time":"2023-03-03T01:53:36.767Z","v":0}
{"name":"socket-pt","hostname":"MTNB843","pid":6142,"level":30,"msg":"Transimission time: 100222 +++++6.5#####","time":"2023-03-03T01:53:36.818Z","v":0}
{"name":"socket-pt","hostname":"MTNB843","pid":6142,"level":30,"msg":"Transimission time: 100223 +++++7#####","time":"2023-03-03T01:53:36.871Z","v":0}
{"name":"socket-pt","hostname":"MTNB843","pid":6142,"level":30,"msg":"Transimission time: 100184 +++++1051#####","time":"2023-03-03T01:53:36.896Z","v":0}
{"name":"socket-pt","hostname":"MTNB843","pid":6142,"level":30,"msg":"Transimission time: 100187 +++++974#####","time":"2023-03-03T01:53:36.897Z","v":0}
{"name":"socket-pt","hostname":"MTNB843","pid":6142,"level":30,"msg":"Transimission time: 100224 +++++7#####","time":"2023-03-03T01:53:36.922Z","v":0}
{"name":"socket-pt","hostname":"MTNB843","pid":6142,"level":30,"msg":"Transimission time: 100225 +++++5.5#####","time":"2023-03-03T01:53:36.971Z","v":0}
{"name":"socket-pt","hostname":"MTNB843","pid":6142,"level":30,"msg":"Transimission time: 100210 +++++475#####","time":"2023-03-03T01:53:37.097Z","v":0}
{"name":"socket-pt","hostname":"MTNB843","pid":6142,"level":30,"msg":"Transimission time: 100212 +++++426.5#####","time":"2023-03-03T01:53:37.103Z","v":0}
{"name":"socket-pt","hostname":"MTNB843","pid":6142,"level":30,"msg":"Transimission time: 100228 +++++5.5#####","time":"2023-03-03T01:53:37.124Z","v":0}
{"name":"socket-pt","hostname":"MTNB843","pid":6142,"level":30,"msg":"Transimission time: 100229 +++++5.5#####","time":"2023-03-03T01:53:37.174Z","v":0}
{"name":"socket-pt","hostname":"MTNB843","pid":6142,"level":30,"msg":"Transimission time: 100230 +++++7#####","time":"2023-03-03T01:53:37.228Z","v":0}
{"name":"socket-pt","hostname":"MTNB843","pid":6142,"level":30,"msg":"Transimission time: 100231 +++++5.5#####","time":"2023-03-03T01:53:37.278Z","v":0}
{"name":"socket-pt","hostname":"MTNB843","pid":6142,"level":30,"msg":"Transimission time: 100233 +++++5#####","time":"2023-03-03T01:53:37.380Z","v":0}
{"name":"socket-pt","hostname":"MTNB843","pid":6142,"level":30,"msg":"Transimission time: 100232 +++++52#####","time":"2023-03-03T01:53:37.422Z","v":0}
{"name":"socket-pt","hostname":"MTNB843","pid":6142,"level":30,"msg":"Transimission time: 100234 +++++5#####","time":"2023-03-03T01:53:37.430Z","v":0}
{"name":"socket-pt","hostname":"MTNB843","pid":6142,"level":30,"msg":"Transimission time: 100237 +++++5#####","time":"2023-03-03T01:53:37.587Z","v":0}
{"name":"socket-pt","hostname":"MTNB843","pid":6142,"level":30,"msg":"Transimission time: 100214 +++++625.5#####","time":"2023-03-03T01:53:37.603Z","v":0}
{"name":"socket-pt","hostname":"MTNB843","pid":6142,"level":30,"msg":"Transimission time: 100239 +++++4.5#####","time":"2023-03-03T01:53:37.690Z","v":0}
{"name":"socket-pt","hostname":"MTNB843","pid":6142,"level":30,"msg":"Transimission time: 100241 +++++6#####","time":"2023-03-03T01:53:37.797Z","v":0}
{"name":"socket-pt","hostname":"MTNB843","pid":6142,"level":30,"msg":"Transimission time: 100242 +++++6#####","time":"2023-03-03T01:53:37.848Z","v":0}
{"name":"socket-pt","hostname":"MTNB843","pid":6142,"level":30,"msg":"Transimission time: 100236 +++++204.5#####","time":"2023-03-03T01:53:37.933Z","v":0}
{"name":"socket-pt","hostname":"MTNB843","pid":6142,"level":30,"msg":"Transimission time: 100201 +++++1159.5#####","time":"2023-03-03T01:53:37.997Z","v":0}
{"name":"socket-pt","hostname":"MTNB843","pid":6142,"level":30,"msg":"Transimission time: 100245 +++++5#####","time":"2023-03-03T01:53:38.001Z","v":0}
{"name":"socket-pt","hostname":"MTNB843","pid":6142,"level":30,"msg":"Transimission time: 100238 +++++198#####","time":"2023-03-03T01:53:38.025Z","v":0}
{"name":"socket-pt","hostname":"MTNB843","pid":6142,"level":30,"msg":"Transimission time: 100243 +++++68.5#####","time":"2023-03-03T01:53:38.025Z","v":0}
{"name":"socket-pt","hostname":"MTNB843","pid":6142,"level":30,"msg":"Transimission time: 100247 +++++6#####","time":"2023-03-03T01:53:38.105Z","v":0}
{"name":"socket-pt","hostname":"MTNB843","pid":6142,"level":30,"msg":"Transimission time: 100249 +++++4#####","time":"2023-03-03T01:53:38.203Z","v":0}
{"name":"socket-pt","hostname":"MTNB843","pid":6142,"level":30,"msg":"Transimission time: 100248 +++++39#####","time":"2023-03-03T01:53:38.222Z","v":0}
{"name":"socket-pt","hostname":"MTNB843","pid":6142,"level":30,"msg":"Transimission time: 100226 +++++645.5#####","time":"2023-03-03T01:53:38.301Z","v":0}
{"name":"socket-pt","hostname":"MTNB843","pid":6142,"level":30,"msg":"Transimission time: 100251 +++++6#####","time":"2023-03-03T01:53:38.309Z","v":0}
{"name":"socket-pt","hostname":"MTNB843","pid":6142,"level":30,"msg":"Transimission time: 100244 +++++229#####","time":"2023-03-03T01:53:38.396Z","v":0}
{"name":"socket-pt","hostname":"MTNB843","pid":6142,"level":30,"msg":"Transimission time: 100235 +++++462.5#####","time":"2023-03-03T01:53:38.397Z","v":0}
{"name":"socket-pt","hostname":"MTNB843","pid":6142,"level":30,"msg":"Transimission time: 100227 +++++667.5#####","time":"2023-03-03T01:53:38.397Z","v":0}
{"name":"socket-pt","hostname":"MTNB843","pid":6142,"level":30,"msg":"Transimission time: 100254 +++++7.5#####","time":"2023-03-03T01:53:38.472Z","v":0}
{"name":"socket-pt","hostname":"MTNB843","pid":6142,"level":30,"msg":"Transimission time: 100250 +++++126.5#####","time":"2023-03-03T01:53:38.499Z","v":0}
{"name":"socket-pt","hostname":"MTNB843","pid":6142,"level":30,"msg":"Transimission time: 100256 +++++6#####","time":"2023-03-03T01:53:38.568Z","v":0}
{"name":"socket-pt","hostname":"MTNB843","pid":6142,"level":30,"msg":"Transimission time: 100240 +++++434#####","time":"2023-03-03T01:53:38.602Z","v":0}
{"name":"socket-pt","hostname":"MTNB843","pid":6142,"level":30,"msg":"Transimission time: 100246 +++++280#####","time":"2023-03-03T01:53:38.602Z","v":0}
{"name":"socket-pt","hostname":"MTNB843","pid":6142,"level":30,"msg":"Transimission time: 100257 +++++6.5#####","time":"2023-03-03T01:53:38.622Z","v":0}
{"name":"socket-pt","hostname":"MTNB843","pid":6142,"level":30,"msg":"Transimission time: 100258 +++++6#####","time":"2023-03-03T01:53:38.672Z","v":0}
{"name":"socket-pt","hostname":"MTNB843","pid":6142,"level":30,"msg":"Transimission time: 100255 +++++97#####","time":"2023-03-03T01:53:38.700Z","v":0}
{"name":"socket-pt","hostname":"MTNB843","pid":6142,"level":30,"msg":"Transimission time: 100259 +++++5.5#####","time":"2023-03-03T01:53:38.722Z","v":0}
{"name":"socket-pt","hostname":"MTNB843","pid":6142,"level":30,"msg":"Transimission time: 100260 +++++28#####","time":"2023-03-03T01:53:38.821Z","v":0}
{"name":"socket-pt","hostname":"MTNB843","pid":6142,"level":30,"msg":"Transimission time: 100261 +++++6#####","time":"2023-03-03T01:53:38.827Z","v":0}
{"name":"socket-pt","hostname":"MTNB843","pid":6142,"level":30,"msg":"Transimission time: 100252 +++++275#####","time":"2023-03-03T01:53:38.901Z","v":0}
{"name":"socket-pt","hostname":"MTNB843","pid":6142,"level":30,"msg":"Transimission time: 100253 +++++249#####","time":"2023-03-03T01:53:38.901Z","v":0}
{"name":"socket-pt","hostname":"MTNB843","pid":6142,"level":30,"msg":"Transimission time: 100265 +++++8#####","time":"2023-03-03T01:53:39.039Z","v":0}
{"name":"socket-pt","hostname":"MTNB843","pid":6142,"level":30,"msg":"Transimission time: 100263 +++++89#####","time":"2023-03-03T01:53:39.099Z","v":0}
{"name":"socket-pt","hostname":"MTNB843","pid":6142,"level":30,"msg":"Transimission time: 100262 +++++117#####","time":"2023-03-03T01:53:39.100Z","v":0}
{"name":"socket-pt","hostname":"MTNB843","pid":6142,"level":30,"msg":"Transimission time: 100264 +++++114#####","time":"2023-03-03T01:53:39.199Z","v":0}
{"name":"socket-pt","hostname":"MTNB843","pid":6142,"level":30,"msg":"Transimission time: 100268 +++++12.5#####","time":"2023-03-03T01:53:39.201Z","v":0}
{"name":"socket-pt","hostname":"MTNB843","pid":6142,"level":30,"msg":"Transimission time: 100267 +++++38.5#####","time":"2023-03-03T01:53:39.203Z","v":0}
{"name":"socket-pt","hostname":"MTNB843","pid":6142,"level":30,"msg":"Transimission time: 100270 +++++5#####","time":"2023-03-03T01:53:39.289Z","v":0}
{"name":"socket-pt","hostname":"MTNB843","pid":6142,"level":30,"msg":"Transimission time: 100269 +++++35.5#####","time":"2023-03-03T01:53:39.297Z","v":0}
{"name":"socket-pt","hostname":"MTNB843","pid":6142,"level":30,"msg":"Transimission time: 100266 +++++113#####","time":"2023-03-03T01:53:39.300Z","v":0}
{"name":"socket-pt","hostname":"MTNB843","pid":6142,"level":30,"msg":"Transimission time: 100271 +++++6.5#####","time":"2023-03-03T01:53:39.344Z","v":0}
{"name":"socket-pt","hostname":"MTNB843","pid":6142,"level":30,"msg":"Transimission time: 100272 +++++9.5#####","time":"2023-03-03T01:53:39.402Z","v":0}
{"name":"socket-pt","hostname":"MTNB843","pid":6142,"level":30,"msg":"Transimission time: 100273 +++++6#####","time":"2023-03-03T01:53:39.445Z","v":0}
{"name":"socket-pt","hostname":"MTNB843","pid":6142,"level":30,"msg":"Transimission time: 100274 +++++7#####","time":"2023-03-03T01:53:39.499Z","v":0}
{"name":"socket-pt","hostname":"MTNB843","pid":6142,"level":30,"msg":"Transimission time: 100275 +++++7#####","time":"2023-03-03T01:53:39.553Z","v":0}
{"name":"socket-pt","hostname":"MTNB843","pid":6142,"level":30,"msg":"Transimission time: 100276 +++++6#####","time":"2023-03-03T01:53:39.603Z","v":0}
{"name":"socket-pt","hostname":"MTNB843","pid":6142,"level":30,"msg":"Transimission time: 100277 +++++5.5#####","time":"2023-03-03T01:53:39.653Z","v":0}
{"name":"socket-pt","hostname":"MTNB843","pid":6142,"level":30,"msg":"Transimission time: 100278 +++++5.5#####","time":"2023-03-03T01:53:39.704Z","v":0}
{"name":"socket-pt","hostname":"MTNB843","pid":6142,"level":30,"msg":"Transimission time: 100279 +++++7#####","time":"2023-03-03T01:53:39.758Z","v":0}
{"name":"socket-pt","hostname":"MTNB843","pid":6142,"level":30,"msg":"Transimission time: 100280 +++++7#####","time":"2023-03-03T01:53:39.809Z","v":0}
{"name":"socket-pt","hostname":"MTNB843","pid":6142,"level":30,"msg":"Transimission time: 100281 +++++9.5#####","time":"2023-03-03T01:53:39.865Z","v":0}
{"name":"socket-pt","hostname":"MTNB843","pid":6142,"level":30,"msg":"Transimission time: 100282 +++++7.5#####","time":"2023-03-03T01:53:39.911Z","v":0}
{"name":"socket-pt","hostname":"MTNB843","pid":6142,"level":30,"msg":"Transimission time: 100283 +++++6#####","time":"2023-03-03T01:53:39.959Z","v":0}
{"name":"socket-pt","hostname":"MTNB843","pid":6142,"level":30,"msg":"Transimission time: 100284 +++++8#####","time":"2023-03-03T01:53:40.015Z","v":0}
{"name":"socket-pt","hostname":"MTNB843","pid":6142,"level":30,"msg":"Transimission time: 100285 +++++7.5#####","time":"2023-03-03T01:53:40.066Z","v":0}
{"name":"socket-pt","hostname":"MTNB843","pid":6142,"level":30,"msg":"Transimission time: 100286 +++++6.5#####","time":"2023-03-03T01:53:40.118Z","v":0}
{"name":"socket-pt","hostname":"MTNB843","pid":6142,"level":30,"msg":"Transimission time: 100287 +++++6#####","time":"2023-03-03T01:53:40.168Z","v":0}
{"name":"socket-pt","hostname":"MTNB843","pid":6142,"level":30,"msg":"Transimission time: 100288 +++++5.5#####","time":"2023-03-03T01:53:40.218Z","v":0}
{"name":"socket-pt","hostname":"MTNB843","pid":6142,"level":30,"msg":"Transimission time: 100289 +++++6#####","time":"2023-03-03T01:53:40.270Z","v":0}
{"name":"socket-pt","hostname":"MTNB843","pid":6142,"level":30,"msg":"Transimission time: 100290 +++++5.5#####","time":"2023-03-03T01:53:40.320Z","v":0}
{"name":"socket-pt","hostname":"MTNB843","pid":6142,"level":30,"msg":"Transimission time: 100291 +++++5#####","time":"2023-03-03T01:53:40.371Z","v":0}
{"name":"socket-pt","hostname":"MTNB843","pid":6142,"level":30,"msg":"Transimission time: 100292 +++++6#####","time":"2023-03-03T01:53:40.424Z","v":0}
{"name":"socket-pt","hostname":"MTNB843","pid":6142,"level":30,"msg":"Transimission time: 100293 +++++7#####","time":"2023-03-03T01:53:40.477Z","v":0}
{"name":"socket-pt","hostname":"MTNB843","pid":6142,"level":30,"msg":"Transimission time: 100294 +++++4.5#####","time":"2023-03-03T01:53:40.524Z","v":0}
{"name":"socket-pt","hostname":"MTNB843","pid":6142,"level":30,"msg":"Transimission time: 100295 +++++5#####","time":"2023-03-03T01:53:40.579Z","v":0}
{"name":"socket-pt","hostname":"MTNB843","pid":6142,"level":30,"msg":"Transimission time: 100296 +++++5.5#####","time":"2023-03-03T01:53:40.631Z","v":0}
{"name":"socket-pt","hostname":"MTNB843","pid":6142,"level":30,"msg":"Transimission time: 100297 +++++6.5#####","time":"2023-03-03T01:53:40.685Z","v":0}
{"name":"socket-pt","hostname":"MTNB843","pid":6142,"level":30,"msg":"Transimission time: 100298 +++++5#####","time":"2023-03-03T01:53:40.732Z","v":0}
{"name":"socket-pt","hostname":"MTNB843","pid":6142,"level":30,"msg":"Transimission time: 100299 +++++6#####","time":"2023-03-03T01:53:40.786Z","v":0}
{"name":"socket-pt","hostname":"MTNB843","pid":6142,"level":30,"msg":"Transimission time: 100300 +++++9.5#####","time":"2023-03-03T01:53:40.843Z","v":0}
{"name":"socket-pt","hostname":"MTNB843","pid":6142,"level":30,"msg":"Transimission time: 100301 +++++6.5#####","time":"2023-03-03T01:53:40.887Z","v":0}
{"name":"socket-pt","hostname":"MTNB843","pid":6142,"level":30,"msg":"Transimission time: 100302 +++++7.5#####","time":"2023-03-03T01:53:40.942Z","v":0}
{"name":"socket-pt","hostname":"MTNB843","pid":6142,"level":30,"msg":"Transimission time: 100303 +++++5.5#####","time":"2023-03-03T01:53:40.987Z","v":0}
{"name":"socket-pt","hostname":"MTNB843","pid":6142,"level":30,"msg":"Transimission time: 100304 +++++4.5#####","time":"2023-03-03T01:53:41.035Z","v":0}
{"name":"socket-pt","hostname":"MTNB843","pid":6142,"level":30,"msg":"Transimission time: 100305 +++++5#####","time":"2023-03-03T01:53:41.089Z","v":0}
{"name":"socket-pt","hostname":"MTNB843","pid":6142,"level":30,"msg":"Transimission time: 100306 +++++7#####","time":"2023-03-03T01:53:41.147Z","v":0}
{"name":"socket-pt","hostname":"MTNB843","pid":6142,"level":30,"msg":"Transimission time: 100307 +++++7#####","time":"2023-03-03T01:53:41.201Z","v":0}
{"name":"socket-pt","hostname":"MTNB843","pid":6142,"level":30,"msg":"Transimission time: 100308 +++++4.5#####","time":"2023-03-03T01:53:41.248Z","v":0}
{"name":"socket-pt","hostname":"MTNB843","pid":6142,"level":30,"msg":"Transimission time: 100309 +++++5#####","time":"2023-03-03T01:53:41.302Z","v":0}
{"name":"socket-pt","hostname":"MTNB843","pid":6142,"level":30,"msg":"Transimission time: 100310 +++++5.5#####","time":"2023-03-03T01:53:41.353Z","v":0}
{"name":"socket-pt","hostname":"MTNB843","pid":6142,"level":30,"msg":"Transimission time: 100311 +++++9#####","time":"2023-03-03T01:53:41.415Z","v":0}
{"name":"socket-pt","hostname":"MTNB843","pid":6142,"level":30,"msg":"Transimission time: 100312 +++++17#####","time":"2023-03-03T01:53:41.484Z","v":0}
{"name":"socket-pt","hostname":"MTNB843","pid":6142,"level":30,"msg":"Transimission time: 100313 +++++6#####","time":"2023-03-03T01:53:41.513Z","v":0}
{"name":"socket-pt","hostname":"MTNB843","pid":6142,"level":30,"msg":"Transimission time: 100314 +++++6.5#####","time":"2023-03-03T01:53:41.566Z","v":0}
{"name":"socket-pt","hostname":"MTNB843","pid":6142,"level":30,"msg":"Transimission time: 100315 +++++4.5#####","time":"2023-03-03T01:53:41.613Z","v":0}
{"name":"socket-pt","hostname":"MTNB843","pid":6142,"level":30,"msg":"Transimission time: 100316 +++++5.5#####","time":"2023-03-03T01:53:41.666Z","v":0}
{"name":"socket-pt","hostname":"MTNB843","pid":6142,"level":30,"msg":"Transimission time: 100317 +++++10#####","time":"2023-03-03T01:53:41.726Z","v":0}
{"name":"socket-pt","hostname":"MTNB843","pid":6142,"level":30,"msg":"Transimission time: 100318 +++++5#####","time":"2023-03-03T01:53:41.767Z","v":0}
{"name":"socket-pt","hostname":"MTNB843","pid":6142,"level":30,"msg":"Transimission time: 100319 +++++5.5#####","time":"2023-03-03T01:53:41.820Z","v":0}
{"name":"socket-pt","hostname":"MTNB843","pid":6142,"level":30,"msg":"Transimission time: 100320 +++++14.5#####","time":"2023-03-03T01:53:41.890Z","v":0}
{"name":"socket-pt","hostname":"MTNB843","pid":6142,"level":30,"msg":"Transimission time: 100321 +++++5.5#####","time":"2023-03-03T01:53:41.925Z","v":0}
{"name":"socket-pt","hostname":"MTNB843","pid":6142,"level":30,"msg":"Transimission time: 100322 +++++6#####","time":"2023-03-03T01:53:41.977Z","v":0}
{"name":"socket-pt","hostname":"MTNB843","pid":6142,"level":30,"msg":"Transimission time: 100323 +++++6#####","time":"2023-03-03T01:53:42.028Z","v":0}
{"name":"socket-pt","hostname":"MTNB843","pid":6142,"level":30,"msg":"Transimission time: 100324 +++++14#####","time":"2023-03-03T01:53:42.095Z","v":0}
{"name":"socket-pt","hostname":"MTNB843","pid":6142,"level":30,"msg":"Transimission time: 100325 +++++4.5#####","time":"2023-03-03T01:53:42.128Z","v":0}
{"name":"socket-pt","hostname":"MTNB843","pid":6142,"level":30,"msg":"Transimission time: 100326 +++++5#####","time":"2023-03-03T01:53:42.180Z","v":0}
{"name":"socket-pt","hostname":"MTNB843","pid":6142,"level":30,"msg":"Transimission time: 100327 +++++5.5#####","time":"2023-03-03T01:53:42.232Z","v":0}
{"name":"socket-pt","hostname":"MTNB843","pid":6142,"level":30,"msg":"Transimission time: 100328 +++++5#####","time":"2023-03-03T01:53:42.283Z","v":0}
{"name":"socket-pt","hostname":"MTNB843","pid":6142,"level":30,"msg":"Transimission time: 100329 +++++5.5#####","time":"2023-03-03T01:53:42.336Z","v":0}
{"name":"socket-pt","hostname":"MTNB843","pid":6142,"level":30,"msg":"Transimission time: 100330 +++++8#####","time":"2023-03-03T01:53:42.395Z","v":0}
{"name":"socket-pt","hostname":"MTNB843","pid":6142,"level":30,"msg":"Transimission time: 100331 +++++5.5#####","time":"2023-03-03T01:53:42.443Z","v":0}
{"name":"socket-pt","hostname":"MTNB843","pid":6142,"level":30,"msg":"Transimission time: 100332 +++++6#####","time":"2023-03-03T01:53:42.495Z","v":0}
{"name":"socket-pt","hostname":"MTNB843","pid":6142,"level":30,"msg":"Transimission time: 100333 +++++6#####","time":"2023-03-03T01:53:42.548Z","v":0}
{"name":"socket-pt","hostname":"MTNB843","pid":6142,"level":30,"msg":"Transimission time: 100334 +++++5.5#####","time":"2023-03-03T01:53:42.597Z","v":0}
{"name":"socket-pt","hostname":"MTNB843","pid":6142,"level":30,"msg":"Transimission time: 100335 +++++5#####","time":"2023-03-03T01:53:42.648Z","v":0}
{"name":"socket-pt","hostname":"MTNB843","pid":6142,"level":30,"msg":"Transimission time: 100336 +++++6#####","time":"2023-03-03T01:53:42.701Z","v":0}
{"name":"socket-pt","hostname":"MTNB843","pid":6142,"level":30,"msg":"Transimission time: 100337 +++++5.5#####","time":"2023-03-03T01:53:42.752Z","v":0}
{"name":"socket-pt","hostname":"MTNB843","pid":6142,"level":30,"msg":"Transimission time: 100338 +++++5.5#####","time":"2023-03-03T01:53:42.804Z","v":0}
{"name":"socket-pt","hostname":"MTNB843","pid":6142,"level":30,"msg":"Transimission time: 100339 +++++5.5#####","time":"2023-03-03T01:53:42.857Z","v":0}
{"name":"socket-pt","hostname":"MTNB843","pid":6142,"level":30,"msg":"Transimission time: 100340 +++++5#####","time":"2023-03-03T01:53:42.908Z","v":0}
{"name":"socket-pt","hostname":"MTNB843","pid":6142,"level":30,"msg":"Transimission time: 100341 +++++5#####","time":"2023-03-03T01:53:42.959Z","v":0}
{"name":"socket-pt","hostname":"MTNB843","pid":6142,"level":30,"msg":"Transimission time: 100342 +++++5#####","time":"2023-03-03T01:53:43.010Z","v":0}
{"name":"socket-pt","hostname":"MTNB843","pid":6142,"level":30,"msg":"Transimission time: 100343 +++++5.5#####","time":"2023-03-03T01:53:43.060Z","v":0}
{"name":"socket-pt","hostname":"MTNB843","pid":6142,"level":30,"msg":"Transimission time: 100344 +++++6#####","time":"2023-03-03T01:53:43.113Z","v":0}
{"name":"socket-pt","hostname":"MTNB843","pid":6142,"level":30,"msg":"Transimission time: 100345 +++++5.5#####","time":"2023-03-03T01:53:43.163Z","v":0}
{"name":"socket-pt","hostname":"MTNB843","pid":6142,"level":30,"msg":"Transimission time: 100346 +++++5.5#####","time":"2023-03-03T01:53:43.214Z","v":0}
{"name":"socket-pt","hostname":"MTNB843","pid":6142,"level":30,"msg":"Transimission time: 100347 +++++5.5#####","time":"2023-03-03T01:53:43.266Z","v":0}
{"name":"socket-pt","hostname":"MTNB843","pid":6142,"level":30,"msg":"Transimission time: 100348 +++++5#####","time":"2023-03-03T01:53:43.315Z","v":0}
{"name":"socket-pt","hostname":"MTNB843","pid":6142,"level":30,"msg":"Transimission time: 100349 +++++6.5#####","time":"2023-03-03T01:53:43.369Z","v":0}
{"name":"socket-pt","hostname":"MTNB843","pid":6142,"level":30,"msg":"Transimission time: 100350 +++++4.5#####","time":"2023-03-03T01:53:43.417Z","v":0}
{"name":"socket-pt","hostname":"MTNB843","pid":6142,"level":30,"msg":"Transimission time: 100351 +++++5#####","time":"2023-03-03T01:53:43.473Z","v":0}
{"name":"socket-pt","hostname":"MTNB843","pid":6142,"level":30,"msg":"Transimission time: 100352 +++++8#####","time":"2023-03-03T01:53:43.531Z","v":0}
{"name":"socket-pt","hostname":"MTNB843","pid":6142,"level":30,"msg":"Transimission time: 100353 +++++4.5#####","time":"2023-03-03T01:53:43.576Z","v":0}
{"name":"socket-pt","hostname":"MTNB843","pid":6142,"level":30,"msg":"Transimission time: 100354 +++++5.5#####","time":"2023-03-03T01:53:43.632Z","v":0}
{"name":"socket-pt","hostname":"MTNB843","pid":6142,"level":30,"msg":"Transimission time: 100355 +++++4.5#####","time":"2023-03-03T01:53:43.681Z","v":0}
{"name":"socket-pt","hostname":"MTNB843","pid":6142,"level":30,"msg":"Transimission time: 100356 +++++5.5#####","time":"2023-03-03T01:53:43.734Z","v":0}
{"name":"socket-pt","hostname":"MTNB843","pid":6142,"level":30,"msg":"Transimission time: 100357 +++++5#####","time":"2023-03-03T01:53:43.786Z","v":0}
{"name":"socket-pt","hostname":"MTNB843","pid":6142,"level":30,"msg":"Transimission time: 100358 +++++5.5#####","time":"2023-03-03T01:53:43.837Z","v":0}
{"name":"socket-pt","hostname":"MTNB843","pid":6142,"level":30,"msg":"Transimission time: 100359 +++++6#####","time":"2023-03-03T01:53:43.893Z","v":0}
{"name":"socket-pt","hostname":"MTNB843","pid":6142,"level":30,"msg":"Transimission time: 100360 +++++5.5#####","time":"2023-03-03T01:53:43.944Z","v":0}
{"name":"socket-pt","hostname":"MTNB843","pid":6142,"level":30,"msg":"Transimission time: 100361 +++++7.5#####","time":"2023-03-03T01:53:43.998Z","v":0}
{"name":"socket-pt","hostname":"MTNB843","pid":6142,"level":30,"msg":"Transimission time: 100362 +++++4.5#####","time":"2023-03-03T01:53:44.045Z","v":0}
{"name":"socket-pt","hostname":"MTNB843","pid":6142,"level":30,"msg":"Transimission time: 100363 +++++5#####","time":"2023-03-03T01:53:44.097Z","v":0}
{"name":"socket-pt","hostname":"MTNB843","pid":6142,"level":30,"msg":"Transimission time: 100364 +++++5#####","time":"2023-03-03T01:53:44.148Z","v":0}
{"name":"socket-pt","hostname":"MTNB843","pid":6142,"level":30,"msg":"Transimission time: 100365 +++++5#####","time":"2023-03-03T01:53:44.201Z","v":0}
{"name":"socket-pt","hostname":"MTNB843","pid":6142,"level":30,"msg":"Transimission time: 100366 +++++4.5#####","time":"2023-03-03T01:53:44.251Z","v":0}
{"name":"socket-pt","hostname":"MTNB843","pid":6142,"level":30,"msg":"Transimission time: 100367 +++++5#####","time":"2023-03-03T01:53:44.303Z","v":0}
{"name":"socket-pt","hostname":"MTNB843","pid":6142,"level":30,"msg":"Transimission time: 100368 +++++5#####","time":"2023-03-03T01:53:44.354Z","v":0}
{"name":"socket-pt","hostname":"MTNB843","pid":6142,"level":30,"msg":"Transimission time: 100369 +++++6.5#####","time":"2023-03-03T01:53:44.411Z","v":0}
{"name":"socket-pt","hostname":"MTNB843","pid":6142,"level":30,"msg":"Transimission time: 100370 +++++5#####","time":"2023-03-03T01:53:44.457Z","v":0}
{"name":"socket-pt","hostname":"MTNB843","pid":6142,"level":30,"msg":"Transimission time: 100371 +++++5#####","time":"2023-03-03T01:53:44.508Z","v":0}
{"name":"socket-pt","hostname":"MTNB843","pid":6142,"level":30,"msg":"Transimission time: 100372 +++++5#####","time":"2023-03-03T01:53:44.560Z","v":0}
{"name":"socket-pt","hostname":"MTNB843","pid":6142,"level":30,"msg":"Transimission time: 100373 +++++5.5#####","time":"2023-03-03T01:53:44.612Z","v":0}
{"name":"socket-pt","hostname":"MTNB843","pid":6142,"level":30,"msg":"Transimission time: 100374 +++++6#####","time":"2023-03-03T01:53:44.664Z","v":0}
{"name":"socket-pt","hostname":"MTNB843","pid":6142,"level":30,"msg":"Transimission time: 100375 +++++5.5#####","time":"2023-03-03T01:53:44.714Z","v":0}
{"name":"socket-pt","hostname":"MTNB843","pid":6142,"level":30,"msg":"Transimission time: 100376 +++++4.5#####","time":"2023-03-03T01:53:44.763Z","v":0}
{"name":"socket-pt","hostname":"MTNB843","pid":6142,"level":30,"msg":"Transimission time: 100377 +++++4.5#####","time":"2023-03-03T01:53:44.821Z","v":0}
{"name":"socket-pt","hostname":"MTNB843","pid":6142,"level":30,"msg":"Transimission time: 100378 +++++14#####","time":"2023-03-03T01:53:44.883Z","v":0}
{"name":"socket-pt","hostname":"MTNB843","pid":6142,"level":30,"msg":"Transimission time: 100379 +++++5#####","time":"2023-03-03T01:53:44.918Z","v":0}
{"name":"socket-pt","hostname":"MTNB843","pid":6142,"level":30,"msg":"Transimission time: 100380 +++++5.5#####","time":"2023-03-03T01:53:44.971Z","v":0}
{"name":"socket-pt","hostname":"MTNB843","pid":6142,"level":30,"msg":"Transimission time: 100381 +++++5.5#####","time":"2023-03-03T01:53:45.036Z","v":0}
{"name":"socket-pt","hostname":"MTNB843","pid":6142,"level":30,"msg":"Transimission time: 100382 +++++7#####","time":"2023-03-03T01:53:45.089Z","v":0}
{"name":"socket-pt","hostname":"MTNB843","pid":6142,"level":30,"msg":"Transimission time: 100383 +++++4.5#####","time":"2023-03-03T01:53:45.140Z","v":0}
{"name":"socket-pt","hostname":"MTNB843","pid":6142,"level":30,"msg":"Transimission time: 100384 +++++6.5#####","time":"2023-03-03T01:53:45.196Z","v":0}
{"name":"socket-pt","hostname":"MTNB843","pid":6142,"level":30,"msg":"Transimission time: 100385 +++++5.5#####","time":"2023-03-03T01:53:45.245Z","v":0}
{"name":"socket-pt","hostname":"MTNB843","pid":6142,"level":30,"msg":"Transimission time: 100386 +++++7#####","time":"2023-03-03T01:53:45.300Z","v":0}
{"name":"socket-pt","hostname":"MTNB843","pid":6142,"level":30,"msg":"Transimission time: 100387 +++++8.5#####","time":"2023-03-03T01:53:45.354Z","v":0}
{"name":"socket-pt","hostname":"MTNB843","pid":6142,"level":30,"msg":"Transimission time: 100388 +++++5#####","time":"2023-03-03T01:53:45.399Z","v":0}
{"name":"socket-pt","hostname":"MTNB843","pid":6142,"level":30,"msg":"Transimission time: 100389 +++++5.5#####","time":"2023-03-03T01:53:45.455Z","v":0}
{"name":"socket-pt","hostname":"MTNB843","pid":6142,"level":30,"msg":"Transimission time: 100390 +++++6#####","time":"2023-03-03T01:53:45.507Z","v":0}
{"name":"socket-pt","hostname":"MTNB843","pid":6142,"level":30,"msg":"Transimission time: 100391 +++++5.5#####","time":"2023-03-03T01:53:45.558Z","v":0}
{"name":"socket-pt","hostname":"MTNB843","pid":6142,"level":30,"msg":"Transimission time: 100392 +++++7#####","time":"2023-03-03T01:53:45.614Z","v":0}
{"name":"socket-pt","hostname":"MTNB843","pid":6142,"level":30,"msg":"Transimission time: 100393 +++++8#####","time":"2023-03-03T01:53:45.668Z","v":0}
{"name":"socket-pt","hostname":"MTNB843","pid":6142,"level":30,"msg":"Transimission time: 100394 +++++5#####","time":"2023-03-03T01:53:45.713Z","v":0}
{"name":"socket-pt","hostname":"MTNB843","pid":6142,"level":30,"msg":"Transimission time: 100395 +++++5#####","time":"2023-03-03T01:53:45.764Z","v":0}
{"name":"socket-pt","hostname":"MTNB843","pid":6142,"level":30,"msg":"Transimission time: 100396 +++++4.5#####","time":"2023-03-03T01:53:45.813Z","v":0}
{"name":"socket-pt","hostname":"MTNB843","pid":6142,"level":30,"msg":"Transimission time: 100397 +++++6.5#####","time":"2023-03-03T01:53:45.870Z","v":0}
{"name":"socket-pt","hostname":"MTNB843","pid":6142,"level":30,"msg":"Transimission time: 100398 +++++4#####","time":"2023-03-03T01:53:45.917Z","v":0}
{"name":"socket-pt","hostname":"MTNB843","pid":6142,"level":30,"msg":"Transimission time: 100399 +++++8.5#####","time":"2023-03-03T01:53:45.978Z","v":0}
{"name":"socket-pt","hostname":"MTNB843","pid":6142,"level":30,"msg":"Transimission time: 100400 +++++23.5#####","time":"2023-03-03T01:53:46.062Z","v":0}
{"name":"socket-pt","hostname":"MTNB843","pid":6142,"level":30,"msg":"Transimission time: 100401 +++++12#####","time":"2023-03-03T01:53:46.089Z","v":0}
{"name":"socket-pt","hostname":"MTNB843","pid":6142,"level":30,"msg":"Transimission time: 100402 +++++5#####","time":"2023-03-03T01:53:46.126Z","v":0}
{"name":"socket-pt","hostname":"MTNB843","pid":6142,"level":30,"msg":"Transimission time: 100404 +++++8.5#####","time":"2023-03-03T01:53:46.236Z","v":0}
{"name":"socket-pt","hostname":"MTNB843","pid":6142,"level":30,"msg":"Transimission time: 100403 +++++53#####","time":"2023-03-03T01:53:46.272Z","v":0}
{"name":"socket-pt","hostname":"MTNB843","pid":6142,"level":30,"msg":"Transimission time: 100405 +++++6#####","time":"2023-03-03T01:53:46.282Z","v":0}
{"name":"socket-pt","hostname":"MTNB843","pid":6142,"level":30,"msg":"Transimission time: 100406 +++++9.5#####","time":"2023-03-03T01:53:46.340Z","v":0}
{"name":"socket-pt","hostname":"MTNB843","pid":6142,"level":30,"msg":"Transimission time: 100407 +++++5#####","time":"2023-03-03T01:53:46.382Z","v":0}
{"name":"socket-pt","hostname":"MTNB843","pid":6142,"level":30,"msg":"Transimission time: 100408 +++++10.5#####","time":"2023-03-03T01:53:46.445Z","v":0}
{"name":"socket-pt","hostname":"MTNB843","pid":6142,"level":30,"msg":"Transimission time: 100409 +++++5.5#####","time":"2023-03-03T01:53:46.486Z","v":0}
{"name":"socket-pt","hostname":"MTNB843","pid":6142,"level":30,"msg":"Transimission time: 100410 +++++5#####","time":"2023-03-03T01:53:46.537Z","v":0}
{"name":"socket-pt","hostname":"MTNB843","pid":6142,"level":30,"msg":"Transimission time: 100411 +++++5#####","time":"2023-03-03T01:53:46.590Z","v":0}
{"name":"socket-pt","hostname":"MTNB843","pid":6142,"level":30,"msg":"Transimission time: 100412 +++++5#####","time":"2023-03-03T01:53:46.642Z","v":0}
{"name":"socket-pt","hostname":"MTNB843","pid":6142,"level":30,"msg":"Transimission time: 100413 +++++5#####","time":"2023-03-03T01:53:46.695Z","v":0}
{"name":"socket-pt","hostname":"MTNB843","pid":6142,"level":30,"msg":"Transimission time: 100414 +++++4.5#####","time":"2023-03-03T01:53:46.745Z","v":0}
{"name":"socket-pt","hostname":"MTNB843","pid":6142,"level":30,"msg":"Transimission time: 100415 +++++5#####","time":"2023-03-03T01:53:46.798Z","v":0}
{"name":"socket-pt","hostname":"MTNB843","pid":6142,"level":30,"msg":"Transimission time: 100416 +++++11.5#####","time":"2023-03-03T01:53:46.863Z","v":0}
{"name":"socket-pt","hostname":"MTNB843","pid":6142,"level":30,"msg":"Transimission time: 100417 +++++6.5#####","time":"2023-03-03T01:53:46.905Z","v":0}
{"name":"socket-pt","hostname":"MTNB843","pid":6142,"level":30,"msg":"Transimission time: 100418 +++++4.5#####","time":"2023-03-03T01:53:46.953Z","v":0}
{"name":"socket-pt","hostname":"MTNB843","pid":6142,"level":30,"msg":"Transimission time: 100419 +++++12#####","time":"2023-03-03T01:53:47.018Z","v":0}
{"name":"socket-pt","hostname":"MTNB843","pid":6142,"level":30,"msg":"Transimission time: 100420 +++++5.5#####","time":"2023-03-03T01:53:47.057Z","v":0}
{"name":"socket-pt","hostname":"MTNB843","pid":6142,"level":30,"msg":"Transimission time: 100421 +++++4.5#####","time":"2023-03-03T01:53:47.107Z","v":0}
{"name":"socket-pt","hostname":"MTNB843","pid":6142,"level":30,"msg":"Transimission time: 100422 +++++5#####","time":"2023-03-03T01:53:47.160Z","v":0}
{"name":"socket-pt","hostname":"MTNB843","pid":6142,"level":30,"msg":"Transimission time: 100423 +++++5#####","time":"2023-03-03T01:53:47.211Z","v":0}
{"name":"socket-pt","hostname":"MTNB843","pid":6142,"level":30,"msg":"Transimission time: 100424 +++++5#####","time":"2023-03-03T01:53:47.263Z","v":0}
{"name":"socket-pt","hostname":"MTNB843","pid":6142,"level":30,"msg":"Transimission time: 100425 +++++5#####","time":"2023-03-03T01:53:47.315Z","v":0}
{"name":"socket-pt","hostname":"MTNB843","pid":6142,"level":30,"msg":"Transimission time: 100426 +++++5.5#####","time":"2023-03-03T01:53:47.368Z","v":0}
{"name":"socket-pt","hostname":"MTNB843","pid":6142,"level":30,"msg":"Transimission time: 100427 +++++10.5#####","time":"2023-03-03T01:53:47.428Z","v":0}
{"name":"socket-pt","hostname":"MTNB843","pid":6142,"level":30,"msg":"Transimission time: 100428 +++++5.5#####","time":"2023-03-03T01:53:47.470Z","v":0}
{"name":"socket-pt","hostname":"MTNB843","pid":6142,"level":30,"msg":"Transimission time: 100429 +++++5.5#####","time":"2023-03-03T01:53:47.522Z","v":0}
{"name":"socket-pt","hostname":"MTNB843","pid":6142,"level":30,"msg":"Transimission time: 100430 +++++5#####","time":"2023-03-03T01:53:47.575Z","v":0}
{"name":"socket-pt","hostname":"MTNB843","pid":6142,"level":30,"msg":"Transimission time: 100431 +++++6.5#####","time":"2023-03-03T01:53:47.629Z","v":0}
{"name":"socket-pt","hostname":"MTNB843","pid":6142,"level":30,"msg":"Transimission time: 100432 +++++6#####","time":"2023-03-03T01:53:47.679Z","v":0}
{"name":"socket-pt","hostname":"MTNB843","pid":6142,"level":30,"msg":"Transimission time: 100433 +++++6#####","time":"2023-03-03T01:53:47.731Z","v":0}
{"name":"socket-pt","hostname":"MTNB843","pid":6142,"level":30,"msg":"Transimission time: 100434 +++++6#####","time":"2023-03-03T01:53:47.784Z","v":0}
{"name":"socket-pt","hostname":"MTNB843","pid":6142,"level":30,"msg":"Transimission time: 100435 +++++5#####","time":"2023-03-03T01:53:47.835Z","v":0}
{"name":"socket-pt","hostname":"MTNB843","pid":6142,"level":30,"msg":"Transimission time: 100436 +++++5.5#####","time":"2023-03-03T01:53:47.889Z","v":0}
{"name":"socket-pt","hostname":"MTNB843","pid":6142,"level":30,"msg":"Transimission time: 100437 +++++11#####","time":"2023-03-03T01:53:47.952Z","v":0}
{"name":"socket-pt","hostname":"MTNB843","pid":6142,"level":30,"msg":"Transimission time: 100438 +++++4.5#####","time":"2023-03-03T01:53:47.989Z","v":0}
{"name":"socket-pt","hostname":"MTNB843","pid":6142,"level":30,"msg":"Transimission time: 100439 +++++5.5#####","time":"2023-03-03T01:53:48.043Z","v":0}
{"name":"socket-pt","hostname":"MTNB843","pid":6142,"level":30,"msg":"Transimission time: 100440 +++++7#####","time":"2023-03-03T01:53:48.098Z","v":0}
{"name":"socket-pt","hostname":"MTNB843","pid":6142,"level":30,"msg":"Transimission time: 100441 +++++5.5#####","time":"2023-03-03T01:53:48.146Z","v":0}
{"name":"socket-pt","hostname":"MTNB843","pid":6142,"level":30,"msg":"Transimission time: 100442 +++++6.5#####","time":"2023-03-03T01:53:48.199Z","v":0}
{"name":"socket-pt","hostname":"MTNB843","pid":6142,"level":30,"msg":"Transimission time: 100443 +++++7.5#####","time":"2023-03-03T01:53:48.252Z","v":0}
{"name":"socket-pt","hostname":"MTNB843","pid":6142,"level":30,"msg":"Transimission time: 100444 +++++4.5#####","time":"2023-03-03T01:53:48.298Z","v":0}
{"name":"socket-pt","hostname":"MTNB843","pid":6142,"level":30,"msg":"Transimission time: 100445 +++++5#####","time":"2023-03-03T01:53:48.349Z","v":0}
{"name":"socket-pt","hostname":"MTNB843","pid":6142,"level":30,"msg":"Transimission time: 100446 +++++6#####","time":"2023-03-03T01:53:48.403Z","v":0}
{"name":"socket-pt","hostname":"MTNB843","pid":6142,"level":30,"msg":"Transimission time: 100447 +++++7.5#####","time":"2023-03-03T01:53:48.458Z","v":0}
{"name":"socket-pt","hostname":"MTNB843","pid":6142,"level":30,"msg":"Transimission time: 100448 +++++5#####","time":"2023-03-03T01:53:48.502Z","v":0}
{"name":"socket-pt","hostname":"MTNB843","pid":6142,"level":30,"msg":"Transimission time: 100449 +++++27#####","time":"2023-03-03T01:53:48.598Z","v":0}
{"name":"socket-pt","hostname":"MTNB843","pid":6142,"level":30,"msg":"Transimission time: 100450 +++++5#####","time":"2023-03-03T01:53:48.605Z","v":0}
{"name":"socket-pt","hostname":"MTNB843","pid":6142,"level":30,"msg":"Transimission time: 100451 +++++5#####","time":"2023-03-03T01:53:48.657Z","v":0}
{"name":"socket-pt","hostname":"MTNB843","pid":6142,"level":30,"msg":"Transimission time: 100452 +++++7#####","time":"2023-03-03T01:53:48.713Z","v":0}
{"name":"socket-pt","hostname":"MTNB843","pid":6142,"level":30,"msg":"Transimission time: 100453 +++++5.5#####","time":"2023-03-03T01:53:48.762Z","v":0}
{"name":"socket-pt","hostname":"MTNB843","pid":6142,"level":30,"msg":"Transimission time: 100454 +++++4.5#####","time":"2023-03-03T01:53:48.811Z","v":0}
{"name":"socket-pt","hostname":"MTNB843","pid":6142,"level":30,"msg":"Transimission time: 100455 +++++6#####","time":"2023-03-03T01:53:48.866Z","v":0}
{"name":"socket-pt","hostname":"MTNB843","pid":6142,"level":30,"msg":"Transimission time: 100456 +++++7#####","time":"2023-03-03T01:53:48.920Z","v":0}
{"name":"socket-pt","hostname":"MTNB843","pid":6142,"level":30,"msg":"Transimission time: 100457 +++++4.5#####","time":"2023-03-03T01:53:48.968Z","v":0}
{"name":"socket-pt","hostname":"MTNB843","pid":6142,"level":30,"msg":"Transimission time: 100458 +++++9.5#####","time":"2023-03-03T01:53:49.032Z","v":0}
{"name":"socket-pt","hostname":"MTNB843","pid":6142,"level":30,"msg":"Transimission time: 100459 +++++5.5#####","time":"2023-03-03T01:53:49.075Z","v":0}
{"name":"socket-pt","hostname":"MTNB843","pid":6142,"level":30,"msg":"Transimission time: 100460 +++++5#####","time":"2023-03-03T01:53:49.125Z","v":0}
{"name":"socket-pt","hostname":"MTNB843","pid":6142,"level":30,"msg":"Transimission time: 100461 +++++4.5#####","time":"2023-03-03T01:53:49.175Z","v":0}
{"name":"socket-pt","hostname":"MTNB843","pid":6142,"level":30,"msg":"Transimission time: 100462 +++++4.5#####","time":"2023-03-03T01:53:49.226Z","v":0}
{"name":"socket-pt","hostname":"MTNB843","pid":6142,"level":30,"msg":"Transimission time: 100463 +++++11#####","time":"2023-03-03T01:53:49.291Z","v":0}
{"name":"socket-pt","hostname":"MTNB843","pid":6142,"level":30,"msg":"Transimission time: 100464 +++++6#####","time":"2023-03-03T01:53:49.333Z","v":0}
{"name":"socket-pt","hostname":"MTNB843","pid":6142,"level":30,"msg":"Transimission time: 100465 +++++5.5#####","time":"2023-03-03T01:53:49.384Z","v":0}
{"name":"socket-pt","hostname":"MTNB843","pid":6142,"level":30,"msg":"Transimission time: 100466 +++++7.5#####","time":"2023-03-03T01:53:49.444Z","v":0}
{"name":"socket-pt","hostname":"MTNB843","pid":6142,"level":30,"msg":"Transimission time: 100467 +++++4.5#####","time":"2023-03-03T01:53:49.490Z","v":0}
{"name":"socket-pt","hostname":"MTNB843","pid":6142,"level":30,"msg":"Transimission time: 100468 +++++6#####","time":"2023-03-03T01:53:49.543Z","v":0}
{"name":"socket-pt","hostname":"MTNB843","pid":6142,"level":30,"msg":"Transimission time: 100469 +++++5#####","time":"2023-03-03T01:53:49.595Z","v":0}
{"name":"socket-pt","hostname":"MTNB843","pid":6142,"level":30,"msg":"Transimission time: 100470 +++++7#####","time":"2023-03-03T01:53:49.650Z","v":0}
{"name":"socket-pt","hostname":"MTNB843","pid":6142,"level":30,"msg":"Transimission time: 100471 +++++6#####","time":"2023-03-03T01:53:49.700Z","v":0}
{"name":"socket-pt","hostname":"MTNB843","pid":6142,"level":30,"msg":"Transimission time: 100472 +++++5.5#####","time":"2023-03-03T01:53:49.750Z","v":0}
{"name":"socket-pt","hostname":"MTNB843","pid":6142,"level":30,"msg":"Transimission time: 100473 +++++5.5#####","time":"2023-03-03T01:53:49.801Z","v":0}
{"name":"socket-pt","hostname":"MTNB843","pid":6142,"level":30,"msg":"Transimission time: 100474 +++++4.5#####","time":"2023-03-03T01:53:49.851Z","v":0}
{"name":"socket-pt","hostname":"MTNB843","pid":6142,"level":30,"msg":"Transimission time: 100475 +++++6#####","time":"2023-03-03T01:53:49.907Z","v":0}
{"name":"socket-pt","hostname":"MTNB843","pid":6142,"level":30,"msg":"Transimission time: 100476 +++++6#####","time":"2023-03-03T01:53:49.959Z","v":0}
{"name":"socket-pt","hostname":"MTNB843","pid":6142,"level":30,"msg":"Transimission time: 100477 +++++5#####","time":"2023-03-03T01:53:50.006Z","v":0}
{"name":"socket-pt","hostname":"MTNB843","pid":6142,"level":30,"msg":"Transimission time: 100478 +++++6#####","time":"2023-03-03T01:53:50.059Z","v":0}
{"name":"socket-pt","hostname":"MTNB843","pid":6142,"level":30,"msg":"Transimission time: 100479 +++++5.5#####","time":"2023-03-03T01:53:50.110Z","v":0}
{"name":"socket-pt","hostname":"MTNB843","pid":6142,"level":30,"msg":"Transimission time: 100480 +++++4#####","time":"2023-03-03T01:53:50.162Z","v":0}
{"name":"socket-pt","hostname":"MTNB843","pid":6142,"level":30,"msg":"Transimission time: 100481 +++++5.5#####","time":"2023-03-03T01:53:50.216Z","v":0}
{"name":"socket-pt","hostname":"MTNB843","pid":6142,"level":30,"msg":"Transimission time: 100482 +++++5#####","time":"2023-03-03T01:53:50.268Z","v":0}
{"name":"socket-pt","hostname":"MTNB843","pid":6142,"level":30,"msg":"Transimission time: 100483 +++++5#####","time":"2023-03-03T01:53:50.318Z","v":0}
{"name":"socket-pt","hostname":"MTNB843","pid":6142,"level":30,"msg":"Transimission time: 100484 +++++7.5#####","time":"2023-03-03T01:53:50.376Z","v":0}
{"name":"socket-pt","hostname":"MTNB843","pid":6142,"level":30,"msg":"Transimission time: 100485 +++++6#####","time":"2023-03-03T01:53:50.424Z","v":0}
{"name":"socket-pt","hostname":"MTNB843","pid":6142,"level":30,"msg":"Transimission time: 100486 +++++4.5#####","time":"2023-03-03T01:53:50.473Z","v":0}
{"name":"socket-pt","hostname":"MTNB843","pid":6142,"level":30,"msg":"Transimission time: 100487 +++++5#####","time":"2023-03-03T01:53:50.526Z","v":0}
{"name":"socket-pt","hostname":"MTNB843","pid":6142,"level":30,"msg":"Transimission time: 100488 +++++4.5#####","time":"2023-03-03T01:53:50.576Z","v":0}
{"name":"socket-pt","hostname":"MTNB843","pid":6142,"level":30,"msg":"Transimission time: 100489 +++++6.5#####","time":"2023-03-03T01:53:50.632Z","v":0}
{"name":"socket-pt","hostname":"MTNB843","pid":6142,"level":30,"msg":"Transimission time: 100490 +++++5#####","time":"2023-03-03T01:53:50.680Z","v":0}
{"name":"socket-pt","hostname":"MTNB843","pid":6142,"level":30,"msg":"Transimission time: 100491 +++++5#####","time":"2023-03-03T01:53:50.729Z","v":0}
{"name":"socket-pt","hostname":"MTNB843","pid":6142,"level":30,"msg":"Transimission time: 100492 +++++5.5#####","time":"2023-03-03T01:53:50.782Z","v":0}
{"name":"socket-pt","hostname":"MTNB843","pid":6142,"level":30,"msg":"Transimission time: 100493 +++++5#####","time":"2023-03-03T01:53:50.833Z","v":0}
{"name":"socket-pt","hostname":"MTNB843","pid":6142,"level":30,"msg":"Transimission time: 100494 +++++4.5#####","time":"2023-03-03T01:53:50.883Z","v":0}
{"name":"socket-pt","hostname":"MTNB843","pid":6142,"level":30,"msg":"Transimission time: 100495 +++++5.5#####","time":"2023-03-03T01:53:50.939Z","v":0}
{"name":"socket-pt","hostname":"MTNB843","pid":6142,"level":30,"msg":"Transimission time: 100496 +++++5.5#####","time":"2023-03-03T01:53:50.989Z","v":0}
{"name":"socket-pt","hostname":"MTNB843","pid":6142,"level":30,"msg":"Transimission time: 100497 +++++5#####","time":"2023-03-03T01:53:51.039Z","v":0}
{"name":"socket-pt","hostname":"MTNB843","pid":6142,"level":30,"msg":"Transimission time: 100498 +++++5.5#####","time":"2023-03-03T01:53:51.092Z","v":0}
{"name":"socket-pt","hostname":"MTNB843","pid":6142,"level":30,"msg":"Transimission time: 100499 +++++5#####","time":"2023-03-03T01:53:51.144Z","v":0}
{"name":"socket-pt","hostname":"MTNB843","pid":6142,"level":30,"msg":"Transimission time: 100500 +++++6#####","time":"2023-03-03T01:53:51.196Z","v":0}
