{"name":"socket-pt","hostname":"MTNB843","pid":5780,"level":30,"msg":"Transmission Log for URL: wss://apidev.btpn.com, number of users: 500","time":"2023-03-03T01:49:33.967Z","v":0}
{"name":"socket-pt","hostname":"MTNB843","pid":5780,"level":30,"msg":"==================================================================================","time":"2023-03-03T01:49:33.967Z","v":0}
{"name":"socket-pt","hostname":"MTNB843","pid":5780,"level":30,"msg":"Transimission time: 100001 +++++16.5#####","time":"2023-03-03T01:49:44.025Z","v":0}
{"name":"socket-pt","hostname":"MTNB843","pid":5780,"level":30,"msg":"Transimission time: 100002 +++++33#####","time":"2023-03-03T01:49:44.111Z","v":0}
{"name":"socket-pt","hostname":"MTNB843","pid":5780,"level":30,"msg":"Transimission time: 100003 +++++59.5#####","time":"2023-03-03T01:49:44.214Z","v":0}
{"name":"socket-pt","hostname":"MTNB843","pid":5780,"level":30,"msg":"Transimission time: 100004 +++++80#####","time":"2023-03-03T01:49:44.307Z","v":0}
{"name":"socket-pt","hostname":"MTNB843","pid":5780,"level":30,"msg":"Transimission time: 100009 +++++12#####","time":"2023-03-03T01:49:44.431Z","v":0}
{"name":"socket-pt","hostname":"MTNB843","pid":5780,"level":30,"msg":"Transimission time: 100010 +++++18.5#####","time":"2023-03-03T01:49:44.497Z","v":0}
{"name":"socket-pt","hostname":"MTNB843","pid":5780,"level":30,"msg":"Transimission time: 100011 +++++12#####","time":"2023-03-03T01:49:44.534Z","v":0}
{"name":"socket-pt","hostname":"MTNB843","pid":5780,"level":30,"msg":"Transimission time: 100012 +++++8.5#####","time":"2023-03-03T01:49:44.580Z","v":0}
{"name":"socket-pt","hostname":"MTNB843","pid":5780,"level":30,"msg":"Transimission time: 100013 +++++29.5#####","time":"2023-03-03T01:49:44.672Z","v":0}
{"name":"socket-pt","hostname":"MTNB843","pid":5780,"level":30,"msg":"Transimission time: 100014 +++++13#####","time":"2023-03-03T01:49:44.698Z","v":0}
{"name":"socket-pt","hostname":"MTNB843","pid":5780,"level":30,"msg":"Transimission time: 100015 +++++8#####","time":"2023-03-03T01:49:44.741Z","v":0}
{"name":"socket-pt","hostname":"MTNB843","pid":5780,"level":30,"msg":"Transimission time: 100016 +++++22#####","time":"2023-03-03T01:49:44.821Z","v":0}
{"name":"socket-pt","hostname":"MTNB843","pid":5780,"level":30,"msg":"Transimission time: 100017 +++++18.5#####","time":"2023-03-03T01:49:44.868Z","v":0}
{"name":"socket-pt","hostname":"MTNB843","pid":5780,"level":30,"msg":"Transimission time: 100018 +++++9.5#####","time":"2023-03-03T01:49:44.898Z","v":0}
{"name":"socket-pt","hostname":"MTNB843","pid":5780,"level":30,"msg":"Transimission time: 100019 +++++40#####","time":"2023-03-03T01:49:45.011Z","v":0}
{"name":"socket-pt","hostname":"MTNB843","pid":5780,"level":30,"msg":"Transimission time: 100020 +++++14#####","time":"2023-03-03T01:49:45.011Z","v":0}
{"name":"socket-pt","hostname":"MTNB843","pid":5780,"level":30,"msg":"Transimission time: 100022 +++++17.5#####","time":"2023-03-03T01:49:45.123Z","v":0}
{"name":"socket-pt","hostname":"MTNB843","pid":5780,"level":30,"msg":"Transimission time: 100023 +++++13#####","time":"2023-03-03T01:49:45.167Z","v":0}
{"name":"socket-pt","hostname":"MTNB843","pid":5780,"level":30,"msg":"Transimission time: 100024 +++++11#####","time":"2023-03-03T01:49:45.213Z","v":0}
{"name":"socket-pt","hostname":"MTNB843","pid":5780,"level":30,"msg":"Transimission time: 100025 +++++20.5#####","time":"2023-03-03T01:49:45.284Z","v":0}
{"name":"socket-pt","hostname":"MTNB843","pid":5780,"level":30,"msg":"Transimission time: 100026 +++++20#####","time":"2023-03-03T01:49:45.336Z","v":0}
{"name":"socket-pt","hostname":"MTNB843","pid":5780,"level":30,"msg":"Transimission time: 100028 +++++23#####","time":"2023-03-03T01:49:45.443Z","v":0}
{"name":"socket-pt","hostname":"MTNB843","pid":5780,"level":30,"msg":"Transimission time: 100029 +++++23#####","time":"2023-03-03T01:49:45.496Z","v":0}
{"name":"socket-pt","hostname":"MTNB843","pid":5780,"level":30,"msg":"Transimission time: 100030 +++++22#####","time":"2023-03-03T01:49:45.544Z","v":0}
{"name":"socket-pt","hostname":"MTNB843","pid":5780,"level":30,"msg":"Transimission time: 100032 +++++10#####","time":"2023-03-03T01:49:45.624Z","v":0}
{"name":"socket-pt","hostname":"MTNB843","pid":5780,"level":30,"msg":"Transimission time: 100033 +++++9.5#####","time":"2023-03-03T01:49:45.675Z","v":0}
{"name":"socket-pt","hostname":"MTNB843","pid":5780,"level":30,"msg":"Transimission time: 100034 +++++16.5#####","time":"2023-03-03T01:49:45.741Z","v":0}
{"name":"socket-pt","hostname":"MTNB843","pid":5780,"level":30,"msg":"Transimission time: 100035 +++++17#####","time":"2023-03-03T01:49:45.793Z","v":0}
{"name":"socket-pt","hostname":"MTNB843","pid":5780,"level":30,"msg":"Transimission time: 100036 +++++15.5#####","time":"2023-03-03T01:49:45.843Z","v":0}
{"name":"socket-pt","hostname":"MTNB843","pid":5780,"level":30,"msg":"Transimission time: 100037 +++++21#####","time":"2023-03-03T01:49:45.906Z","v":0}
{"name":"socket-pt","hostname":"MTNB843","pid":5780,"level":30,"msg":"Transimission time: 100038 +++++19#####","time":"2023-03-03T01:49:45.953Z","v":0}
{"name":"socket-pt","hostname":"MTNB843","pid":5780,"level":30,"msg":"Transimission time: 100040 +++++9#####","time":"2023-03-03T01:49:46.037Z","v":0}
{"name":"socket-pt","hostname":"MTNB843","pid":5780,"level":30,"msg":"Transimission time: 100041 +++++16.5#####","time":"2023-03-03T01:49:46.102Z","v":0}
{"name":"socket-pt","hostname":"MTNB843","pid":5780,"level":30,"msg":"Transimission time: 100005 +++++986#####","time":"2023-03-03T01:49:46.171Z","v":0}
{"name":"socket-pt","hostname":"MTNB843","pid":5780,"level":30,"msg":"Transimission time: 100044 +++++11#####","time":"2023-03-03T01:49:46.247Z","v":0}
{"name":"socket-pt","hostname":"MTNB843","pid":5780,"level":30,"msg":"Transimission time: 100006 +++++1007.5#####","time":"2023-03-03T01:49:46.266Z","v":0}
{"name":"socket-pt","hostname":"MTNB843","pid":5780,"level":30,"msg":"Transimission time: 100007 +++++981.5#####","time":"2023-03-03T01:49:46.267Z","v":0}
{"name":"socket-pt","hostname":"MTNB843","pid":5780,"level":30,"msg":"Transimission time: 100045 +++++11#####","time":"2023-03-03T01:49:46.297Z","v":0}
{"name":"socket-pt","hostname":"MTNB843","pid":5780,"level":30,"msg":"Transimission time: 100046 +++++9#####","time":"2023-03-03T01:49:46.343Z","v":0}
{"name":"socket-pt","hostname":"MTNB843","pid":5780,"level":30,"msg":"Transimission time: 100008 +++++1011#####","time":"2023-03-03T01:49:46.377Z","v":0}
{"name":"socket-pt","hostname":"MTNB843","pid":5780,"level":30,"msg":"Transimission time: 100047 +++++9.5#####","time":"2023-03-03T01:49:46.397Z","v":0}
{"name":"socket-pt","hostname":"MTNB843","pid":5780,"level":30,"msg":"Transimission time: 100048 +++++15#####","time":"2023-03-03T01:49:46.460Z","v":0}
{"name":"socket-pt","hostname":"MTNB843","pid":5780,"level":30,"msg":"Transimission time: 100049 +++++9.5#####","time":"2023-03-03T01:49:46.498Z","v":0}
{"name":"socket-pt","hostname":"MTNB843","pid":5780,"level":30,"msg":"Transimission time: 100050 +++++16.5#####","time":"2023-03-03T01:49:46.564Z","v":0}
{"name":"socket-pt","hostname":"MTNB843","pid":5780,"level":30,"msg":"Transimission time: 100051 +++++44.5#####","time":"2023-03-03T01:49:46.673Z","v":0}
{"name":"socket-pt","hostname":"MTNB843","pid":5780,"level":30,"msg":"Transimission time: 100052 +++++28.5#####","time":"2023-03-03T01:49:46.690Z","v":0}
{"name":"socket-pt","hostname":"MTNB843","pid":5780,"level":30,"msg":"Transimission time: 100054 +++++8#####","time":"2023-03-03T01:49:46.753Z","v":0}
{"name":"socket-pt","hostname":"MTNB843","pid":5780,"level":30,"msg":"Transimission time: 100053 +++++54.5#####","time":"2023-03-03T01:49:46.795Z","v":0}
{"name":"socket-pt","hostname":"MTNB843","pid":5780,"level":30,"msg":"Transimission time: 100055 +++++14#####","time":"2023-03-03T01:49:46.817Z","v":0}
{"name":"socket-pt","hostname":"MTNB843","pid":5780,"level":30,"msg":"Transimission time: 100056 +++++8#####","time":"2023-03-03T01:49:46.858Z","v":0}
{"name":"socket-pt","hostname":"MTNB843","pid":5780,"level":30,"msg":"Transimission time: 100057 +++++10.5#####","time":"2023-03-03T01:49:46.914Z","v":0}
{"name":"socket-pt","hostname":"MTNB843","pid":5780,"level":30,"msg":"Transimission time: 100058 +++++13.5#####","time":"2023-03-03T01:49:46.970Z","v":0}
{"name":"socket-pt","hostname":"MTNB843","pid":5780,"level":30,"msg":"Transimission time: 100059 +++++13.5#####","time":"2023-03-03T01:49:47.022Z","v":0}
{"name":"socket-pt","hostname":"MTNB843","pid":5780,"level":30,"msg":"Transimission time: 100060 +++++34#####","time":"2023-03-03T01:49:47.114Z","v":0}
{"name":"socket-pt","hostname":"MTNB843","pid":5780,"level":30,"msg":"Transimission time: 100031 +++++809.5#####","time":"2023-03-03T01:49:47.171Z","v":0}
{"name":"socket-pt","hostname":"MTNB843","pid":5780,"level":30,"msg":"Transimission time: 100061 +++++55.5#####","time":"2023-03-03T01:49:47.208Z","v":0}
{"name":"socket-pt","hostname":"MTNB843","pid":5780,"level":30,"msg":"Transimission time: 100062 +++++29#####","time":"2023-03-03T01:49:47.208Z","v":0}
{"name":"socket-pt","hostname":"MTNB843","pid":5780,"level":30,"msg":"Transimission time: 100064 +++++15.5#####","time":"2023-03-03T01:49:47.286Z","v":0}
{"name":"socket-pt","hostname":"MTNB843","pid":5780,"level":30,"msg":"Transimission time: 100065 +++++16#####","time":"2023-03-03T01:49:47.338Z","v":0}
{"name":"socket-pt","hostname":"MTNB843","pid":5780,"level":30,"msg":"Transimission time: 100063 +++++113.5#####","time":"2023-03-03T01:49:47.430Z","v":0}
{"name":"socket-pt","hostname":"MTNB843","pid":5780,"level":30,"msg":"Transimission time: 100067 +++++10#####","time":"2023-03-03T01:49:47.430Z","v":0}
{"name":"socket-pt","hostname":"MTNB843","pid":5780,"level":30,"msg":"Transimission time: 100071 +++++10.5#####","time":"2023-03-03T01:49:47.637Z","v":0}
{"name":"socket-pt","hostname":"MTNB843","pid":5780,"level":30,"msg":"Transimission time: 100066 +++++177#####","time":"2023-03-03T01:49:47.713Z","v":0}
{"name":"socket-pt","hostname":"MTNB843","pid":5780,"level":30,"msg":"Transimission time: 100039 +++++909.5#####","time":"2023-03-03T01:49:47.785Z","v":0}
{"name":"socket-pt","hostname":"MTNB843","pid":5780,"level":30,"msg":"Transimission time: 100042 +++++831#####","time":"2023-03-03T01:49:47.785Z","v":0}
{"name":"socket-pt","hostname":"MTNB843","pid":5780,"level":30,"msg":"Transimission time: 100076 +++++16#####","time":"2023-03-03T01:49:47.908Z","v":0}
{"name":"socket-pt","hostname":"MTNB843","pid":5780,"level":30,"msg":"Transimission time: 100068 +++++224.5#####","time":"2023-03-03T01:49:47.910Z","v":0}
{"name":"socket-pt","hostname":"MTNB843","pid":5780,"level":30,"msg":"Transimission time: 100078 +++++9.5#####","time":"2023-03-03T01:49:47.998Z","v":0}
{"name":"socket-pt","hostname":"MTNB843","pid":5780,"level":30,"msg":"Transimission time: 100081 +++++16#####","time":"2023-03-03T01:49:48.165Z","v":0}
{"name":"socket-pt","hostname":"MTNB843","pid":5780,"level":30,"msg":"Transimission time: 100073 +++++299#####","time":"2023-03-03T01:49:48.317Z","v":0}
{"name":"socket-pt","hostname":"MTNB843","pid":5780,"level":30,"msg":"Transimission time: 100084 +++++14.5#####","time":"2023-03-03T01:49:48.318Z","v":0}
{"name":"socket-pt","hostname":"MTNB843","pid":5780,"level":30,"msg":"Transimission time: 100085 +++++8.5#####","time":"2023-03-03T01:49:48.357Z","v":0}
{"name":"socket-pt","hostname":"MTNB843","pid":5780,"level":30,"msg":"Transimission time: 100077 +++++241.5#####","time":"2023-03-03T01:49:48.411Z","v":0}
{"name":"socket-pt","hostname":"MTNB843","pid":5780,"level":30,"msg":"Transimission time: 100080 +++++165#####","time":"2023-03-03T01:49:48.411Z","v":0}
{"name":"socket-pt","hostname":"MTNB843","pid":5780,"level":30,"msg":"Transimission time: 100086 +++++10#####","time":"2023-03-03T01:49:48.411Z","v":0}
{"name":"socket-pt","hostname":"MTNB843","pid":5780,"level":30,"msg":"Transimission time: 100087 +++++16.5#####","time":"2023-03-03T01:49:48.476Z","v":0}
{"name":"socket-pt","hostname":"MTNB843","pid":5780,"level":30,"msg":"Transimission time: 100088 +++++8#####","time":"2023-03-03T01:49:48.509Z","v":0}
{"name":"socket-pt","hostname":"MTNB843","pid":5780,"level":30,"msg":"Transimission time: 100090 +++++20.5#####","time":"2023-03-03T01:49:48.636Z","v":0}
{"name":"socket-pt","hostname":"MTNB843","pid":5780,"level":30,"msg":"Transimission time: 100091 +++++17.5#####","time":"2023-03-03T01:49:48.682Z","v":0}
{"name":"socket-pt","hostname":"MTNB843","pid":5780,"level":30,"msg":"Transimission time: 100092 +++++8.5#####","time":"2023-03-03T01:49:48.716Z","v":0}
{"name":"socket-pt","hostname":"MTNB843","pid":5780,"level":30,"msg":"Transimission time: 100093 +++++10#####","time":"2023-03-03T01:49:48.773Z","v":0}
{"name":"socket-pt","hostname":"MTNB843","pid":5780,"level":30,"msg":"Transimission time: 100094 +++++11.5#####","time":"2023-03-03T01:49:48.827Z","v":0}
{"name":"socket-pt","hostname":"MTNB843","pid":5780,"level":30,"msg":"Transimission time: 100095 +++++8.5#####","time":"2023-03-03T01:49:48.872Z","v":0}
{"name":"socket-pt","hostname":"MTNB843","pid":5780,"level":30,"msg":"Transimission time: 100096 +++++8#####","time":"2023-03-03T01:49:48.923Z","v":0}
{"name":"socket-pt","hostname":"MTNB843","pid":5780,"level":30,"msg":"Transimission time: 100097 +++++27.5#####","time":"2023-03-03T01:49:49.015Z","v":0}
{"name":"socket-pt","hostname":"MTNB843","pid":5780,"level":30,"msg":"Transimission time: 100098 +++++9.5#####","time":"2023-03-03T01:49:49.030Z","v":0}
{"name":"socket-pt","hostname":"MTNB843","pid":5780,"level":30,"msg":"Transimission time: 100099 +++++12.5#####","time":"2023-03-03T01:49:49.086Z","v":0}
{"name":"socket-pt","hostname":"MTNB843","pid":5780,"level":30,"msg":"Transimission time: 100100 +++++18.5#####","time":"2023-03-03T01:49:49.149Z","v":0}
{"name":"socket-pt","hostname":"MTNB843","pid":5780,"level":30,"msg":"Transimission time: 100101 +++++9#####","time":"2023-03-03T01:49:49.183Z","v":0}
{"name":"socket-pt","hostname":"MTNB843","pid":5780,"level":30,"msg":"Transimission time: 100103 +++++10#####","time":"2023-03-03T01:49:49.288Z","v":0}
{"name":"socket-pt","hostname":"MTNB843","pid":5780,"level":30,"msg":"Transimission time: 100105 +++++17#####","time":"2023-03-03T01:49:49.409Z","v":0}
{"name":"socket-pt","hostname":"MTNB843","pid":5780,"level":30,"msg":"Transimission time: 100106 +++++10#####","time":"2023-03-03T01:49:49.447Z","v":0}
{"name":"socket-pt","hostname":"MTNB843","pid":5780,"level":30,"msg":"Transimission time: 100108 +++++13#####","time":"2023-03-03T01:49:49.582Z","v":0}
{"name":"socket-pt","hostname":"MTNB843","pid":5780,"level":30,"msg":"Transimission time: 100107 +++++55.5#####","time":"2023-03-03T01:49:49.615Z","v":0}
{"name":"socket-pt","hostname":"MTNB843","pid":5780,"level":30,"msg":"Transimission time: 100109 +++++13.5#####","time":"2023-03-03T01:49:49.635Z","v":0}
{"name":"socket-pt","hostname":"MTNB843","pid":5780,"level":30,"msg":"Transimission time: 100110 +++++16#####","time":"2023-03-03T01:49:49.691Z","v":0}
{"name":"socket-pt","hostname":"MTNB843","pid":5780,"level":30,"msg":"Transimission time: 100111 +++++16.5#####","time":"2023-03-03T01:49:49.744Z","v":0}
{"name":"socket-pt","hostname":"MTNB843","pid":5780,"level":30,"msg":"Transimission time: 100112 +++++17.5#####","time":"2023-03-03T01:49:49.796Z","v":0}
{"name":"socket-pt","hostname":"MTNB843","pid":5780,"level":30,"msg":"Transimission time: 100115 +++++11#####","time":"2023-03-03T01:49:49.943Z","v":0}
{"name":"socket-pt","hostname":"MTNB843","pid":5780,"level":30,"msg":"Transimission time: 100116 +++++14#####","time":"2023-03-03T01:49:50.002Z","v":0}
{"name":"socket-pt","hostname":"MTNB843","pid":5780,"level":30,"msg":"Transimission time: 100117 +++++13#####","time":"2023-03-03T01:49:50.056Z","v":0}
{"name":"socket-pt","hostname":"MTNB843","pid":5780,"level":30,"msg":"Transimission time: 100118 +++++12#####","time":"2023-03-03T01:49:50.109Z","v":0}
{"name":"socket-pt","hostname":"MTNB843","pid":5780,"level":30,"msg":"Transimission time: 100119 +++++15.5#####","time":"2023-03-03T01:49:50.166Z","v":0}
{"name":"socket-pt","hostname":"MTNB843","pid":5780,"level":30,"msg":"Transimission time: 100120 +++++10.5#####","time":"2023-03-03T01:49:50.209Z","v":0}
{"name":"socket-pt","hostname":"MTNB843","pid":5780,"level":30,"msg":"Transimission time: 100121 +++++14#####","time":"2023-03-03T01:49:50.267Z","v":0}
{"name":"socket-pt","hostname":"MTNB843","pid":5780,"level":30,"msg":"Transimission time: 100122 +++++15#####","time":"2023-03-03T01:49:50.321Z","v":0}
{"name":"socket-pt","hostname":"MTNB843","pid":5780,"level":30,"msg":"Transimission time: 100123 +++++8.5#####","time":"2023-03-03T01:49:50.360Z","v":0}
{"name":"socket-pt","hostname":"MTNB843","pid":5780,"level":30,"msg":"Transimission time: 100069 +++++1427.5#####","time":"2023-03-03T01:49:50.367Z","v":0}
{"name":"socket-pt","hostname":"MTNB843","pid":5780,"level":30,"msg":"Transimission time: 100070 +++++1401.5#####","time":"2023-03-03T01:49:50.367Z","v":0}
{"name":"socket-pt","hostname":"MTNB843","pid":5780,"level":30,"msg":"Transimission time: 100072 +++++1351#####","time":"2023-03-03T01:49:50.369Z","v":0}
{"name":"socket-pt","hostname":"MTNB843","pid":5780,"level":30,"msg":"Transimission time: 100124 +++++9.5#####","time":"2023-03-03T01:49:50.412Z","v":0}
{"name":"socket-pt","hostname":"MTNB843","pid":5780,"level":30,"msg":"Transimission time: 100125 +++++14.5#####","time":"2023-03-03T01:49:50.473Z","v":0}
{"name":"socket-pt","hostname":"MTNB843","pid":5780,"level":30,"msg":"Transimission time: 100126 +++++16#####","time":"2023-03-03T01:49:50.528Z","v":0}
{"name":"socket-pt","hostname":"MTNB843","pid":5780,"level":30,"msg":"Transimission time: 100127 +++++19#####","time":"2023-03-03T01:49:50.584Z","v":0}
{"name":"socket-pt","hostname":"MTNB843","pid":5780,"level":30,"msg":"Transimission time: 100128 +++++10.5#####","time":"2023-03-03T01:49:50.620Z","v":0}
{"name":"socket-pt","hostname":"MTNB843","pid":5780,"level":30,"msg":"Transimission time: 100130 +++++9.5#####","time":"2023-03-03T01:49:50.720Z","v":0}
{"name":"socket-pt","hostname":"MTNB843","pid":5780,"level":30,"msg":"Transimission time: 100102 +++++775#####","time":"2023-03-03T01:49:50.767Z","v":0}
{"name":"socket-pt","hostname":"MTNB843","pid":5780,"level":30,"msg":"Transimission time: 100075 +++++1471.5#####","time":"2023-03-03T01:49:50.767Z","v":0}
{"name":"socket-pt","hostname":"MTNB843","pid":5780,"level":30,"msg":"Transimission time: 100082 +++++1292#####","time":"2023-03-03T01:49:50.767Z","v":0}
{"name":"socket-pt","hostname":"MTNB843","pid":5780,"level":30,"msg":"Transimission time: 100113 +++++477.5#####","time":"2023-03-03T01:49:50.768Z","v":0}
{"name":"socket-pt","hostname":"MTNB843","pid":5780,"level":30,"msg":"Transimission time: 100083 +++++1268#####","time":"2023-03-03T01:49:50.771Z","v":0}
{"name":"socket-pt","hostname":"MTNB843","pid":5780,"level":30,"msg":"Transimission time: 100104 +++++725.5#####","time":"2023-03-03T01:49:50.772Z","v":0}
{"name":"socket-pt","hostname":"MTNB843","pid":5780,"level":30,"msg":"Transimission time: 100131 +++++9.5#####","time":"2023-03-03T01:49:50.772Z","v":0}
{"name":"socket-pt","hostname":"MTNB843","pid":5780,"level":30,"msg":"Transimission time: 100132 +++++14#####","time":"2023-03-03T01:49:50.832Z","v":0}
{"name":"socket-pt","hostname":"MTNB843","pid":5780,"level":30,"msg":"Transimission time: 100134 +++++18#####","time":"2023-03-03T01:49:50.945Z","v":0}
{"name":"socket-pt","hostname":"MTNB843","pid":5780,"level":30,"msg":"Transimission time: 100135 +++++9.5#####","time":"2023-03-03T01:49:50.981Z","v":0}
{"name":"socket-pt","hostname":"MTNB843","pid":5780,"level":30,"msg":"Transimission time: 100137 +++++16.5#####","time":"2023-03-03T01:49:51.094Z","v":0}
{"name":"socket-pt","hostname":"MTNB843","pid":5780,"level":30,"msg":"Transimission time: 100138 +++++9.5#####","time":"2023-03-03T01:49:51.134Z","v":0}
{"name":"socket-pt","hostname":"MTNB843","pid":5780,"level":30,"msg":"Transimission time: 100139 +++++8.5#####","time":"2023-03-03T01:49:51.184Z","v":0}
{"name":"socket-pt","hostname":"MTNB843","pid":5780,"level":30,"msg":"Transimission time: 100140 +++++18.5#####","time":"2023-03-03T01:49:51.254Z","v":0}
{"name":"socket-pt","hostname":"MTNB843","pid":5780,"level":30,"msg":"Transimission time: 100114 +++++700.5#####","time":"2023-03-03T01:49:51.269Z","v":0}
{"name":"socket-pt","hostname":"MTNB843","pid":5780,"level":30,"msg":"Transimission time: 100141 +++++9.5#####","time":"2023-03-03T01:49:51.288Z","v":0}
{"name":"socket-pt","hostname":"MTNB843","pid":5780,"level":30,"msg":"Transimission time: 100143 +++++14#####","time":"2023-03-03T01:49:51.401Z","v":0}
{"name":"socket-pt","hostname":"MTNB843","pid":5780,"level":30,"msg":"Transimission time: 100144 +++++13.5#####","time":"2023-03-03T01:49:51.451Z","v":0}
{"name":"socket-pt","hostname":"MTNB843","pid":5780,"level":30,"msg":"Transimission time: 100145 +++++13.5#####","time":"2023-03-03T01:49:51.506Z","v":0}
{"name":"socket-pt","hostname":"MTNB843","pid":5780,"level":30,"msg":"Transimission time: 100146 +++++22#####","time":"2023-03-03T01:49:51.576Z","v":0}
{"name":"socket-pt","hostname":"MTNB843","pid":5780,"level":30,"msg":"Transimission time: 100147 +++++10#####","time":"2023-03-03T01:49:51.604Z","v":0}
{"name":"socket-pt","hostname":"MTNB843","pid":5780,"level":30,"msg":"Transimission time: 100148 +++++23.5#####","time":"2023-03-03T01:49:51.683Z","v":0}
{"name":"socket-pt","hostname":"MTNB843","pid":5780,"level":30,"msg":"Transimission time: 100149 +++++8.5#####","time":"2023-03-03T01:49:51.705Z","v":0}
{"name":"socket-pt","hostname":"MTNB843","pid":5780,"level":30,"msg":"Transimission time: 100151 +++++23#####","time":"2023-03-03T01:49:51.839Z","v":0}
{"name":"socket-pt","hostname":"MTNB843","pid":5780,"level":30,"msg":"Transimission time: 100152 +++++8.5#####","time":"2023-03-03T01:49:51.862Z","v":0}
{"name":"socket-pt","hostname":"MTNB843","pid":5780,"level":30,"msg":"Transimission time: 100153 +++++8.5#####","time":"2023-03-03T01:49:51.912Z","v":0}
{"name":"socket-pt","hostname":"MTNB843","pid":5780,"level":30,"msg":"Transimission time: 100154 +++++10.5#####","time":"2023-03-03T01:49:51.969Z","v":0}
{"name":"socket-pt","hostname":"MTNB843","pid":5780,"level":30,"msg":"Transimission time: 100155 +++++8#####","time":"2023-03-03T01:49:52.015Z","v":0}
{"name":"socket-pt","hostname":"MTNB843","pid":5780,"level":30,"msg":"Transimission time: 100156 +++++24#####","time":"2023-03-03T01:49:52.098Z","v":0}
{"name":"socket-pt","hostname":"MTNB843","pid":5780,"level":30,"msg":"Transimission time: 100157 +++++10#####","time":"2023-03-03T01:49:52.121Z","v":0}
{"name":"socket-pt","hostname":"MTNB843","pid":5780,"level":30,"msg":"Transimission time: 100158 +++++12.5#####","time":"2023-03-03T01:49:52.177Z","v":0}
{"name":"socket-pt","hostname":"MTNB843","pid":5780,"level":30,"msg":"Transimission time: 100159 +++++8#####","time":"2023-03-03T01:49:52.220Z","v":0}
{"name":"socket-pt","hostname":"MTNB843","pid":5780,"level":30,"msg":"Transimission time: 100160 +++++7.5#####","time":"2023-03-03T01:49:52.272Z","v":0}
{"name":"socket-pt","hostname":"MTNB843","pid":5780,"level":30,"msg":"Transimission time: 100133 +++++714#####","time":"2023-03-03T01:49:52.284Z","v":0}
{"name":"socket-pt","hostname":"MTNB843","pid":5780,"level":30,"msg":"Transimission time: 100136 +++++637#####","time":"2023-03-03T01:49:52.284Z","v":0}
{"name":"socket-pt","hostname":"MTNB843","pid":5780,"level":30,"msg":"Transimission time: 100161 +++++15#####","time":"2023-03-03T01:49:52.337Z","v":0}
{"name":"socket-pt","hostname":"MTNB843","pid":5780,"level":30,"msg":"Transimission time: 100150 +++++318#####","time":"2023-03-03T01:49:52.376Z","v":0}
{"name":"socket-pt","hostname":"MTNB843","pid":5780,"level":30,"msg":"Transimission time: 100142 +++++527.5#####","time":"2023-03-03T01:49:52.377Z","v":0}
{"name":"socket-pt","hostname":"MTNB843","pid":5780,"level":30,"msg":"Transimission time: 100163 +++++18.5#####","time":"2023-03-03T01:49:52.449Z","v":0}
{"name":"socket-pt","hostname":"MTNB843","pid":5780,"level":30,"msg":"Transimission time: 100164 +++++19.5#####","time":"2023-03-03T01:49:52.505Z","v":0}
{"name":"socket-pt","hostname":"MTNB843","pid":5780,"level":30,"msg":"Transimission time: 100166 +++++11.5#####","time":"2023-03-03T01:49:52.591Z","v":0}
{"name":"socket-pt","hostname":"MTNB843","pid":5780,"level":30,"msg":"Transimission time: 100167 +++++9#####","time":"2023-03-03T01:49:52.638Z","v":0}
{"name":"socket-pt","hostname":"MTNB843","pid":5780,"level":30,"msg":"Transimission time: 100165 +++++80.5#####","time":"2023-03-03T01:49:52.678Z","v":0}
{"name":"socket-pt","hostname":"MTNB843","pid":5780,"level":30,"msg":"Transimission time: 100169 +++++8.5#####","time":"2023-03-03T01:49:52.739Z","v":0}
{"name":"socket-pt","hostname":"MTNB843","pid":5780,"level":30,"msg":"Transimission time: 100170 +++++9.5#####","time":"2023-03-03T01:49:52.791Z","v":0}
{"name":"socket-pt","hostname":"MTNB843","pid":5780,"level":30,"msg":"Transimission time: 100171 +++++13.5#####","time":"2023-03-03T01:49:52.850Z","v":0}
{"name":"socket-pt","hostname":"MTNB843","pid":5780,"level":30,"msg":"Transimission time: 100168 +++++100.5#####","time":"2023-03-03T01:49:52.871Z","v":0}
{"name":"socket-pt","hostname":"MTNB843","pid":5780,"level":30,"msg":"Transimission time: 100172 +++++15#####","time":"2023-03-03T01:49:52.905Z","v":0}
{"name":"socket-pt","hostname":"MTNB843","pid":5780,"level":30,"msg":"Transimission time: 100173 +++++10.5#####","time":"2023-03-03T01:49:52.947Z","v":0}
{"name":"socket-pt","hostname":"MTNB843","pid":5780,"level":30,"msg":"Transimission time: 100174 +++++11#####","time":"2023-03-03T01:49:53.000Z","v":0}
{"name":"socket-pt","hostname":"MTNB843","pid":5780,"level":30,"msg":"Transimission time: 100175 +++++34#####","time":"2023-03-03T01:49:53.098Z","v":0}
{"name":"socket-pt","hostname":"MTNB843","pid":5780,"level":30,"msg":"Transimission time: 100177 +++++14#####","time":"2023-03-03T01:49:53.160Z","v":0}
{"name":"socket-pt","hostname":"MTNB843","pid":5780,"level":30,"msg":"Transimission time: 100176 +++++44#####","time":"2023-03-03T01:49:53.169Z","v":0}
{"name":"socket-pt","hostname":"MTNB843","pid":5780,"level":30,"msg":"Transimission time: 100179 +++++9#####","time":"2023-03-03T01:49:53.252Z","v":0}
{"name":"socket-pt","hostname":"MTNB843","pid":5780,"level":30,"msg":"Transimission time: 100178 +++++44#####","time":"2023-03-03T01:49:53.271Z","v":0}
{"name":"socket-pt","hostname":"MTNB843","pid":5780,"level":30,"msg":"Transimission time: 100180 +++++24#####","time":"2023-03-03T01:49:53.334Z","v":0}
{"name":"socket-pt","hostname":"MTNB843","pid":5780,"level":30,"msg":"Transimission time: 100181 +++++8.5#####","time":"2023-03-03T01:49:53.357Z","v":0}
{"name":"socket-pt","hostname":"MTNB843","pid":5780,"level":30,"msg":"Transimission time: 100182 +++++10.5#####","time":"2023-03-03T01:49:53.411Z","v":0}
{"name":"socket-pt","hostname":"MTNB843","pid":5780,"level":30,"msg":"Transimission time: 100183 +++++10#####","time":"2023-03-03T01:49:53.463Z","v":0}
{"name":"socket-pt","hostname":"MTNB843","pid":5780,"level":30,"msg":"Transimission time: 100184 +++++14#####","time":"2023-03-03T01:49:53.522Z","v":0}
{"name":"socket-pt","hostname":"MTNB843","pid":5780,"level":30,"msg":"Transimission time: 100185 +++++13.5#####","time":"2023-03-03T01:49:53.572Z","v":0}
{"name":"socket-pt","hostname":"MTNB843","pid":5780,"level":30,"msg":"Transimission time: 100186 +++++8.5#####","time":"2023-03-03T01:49:53.617Z","v":0}
{"name":"socket-pt","hostname":"MTNB843","pid":5780,"level":30,"msg":"Transimission time: 100187 +++++11.5#####","time":"2023-03-03T01:49:53.676Z","v":0}
{"name":"socket-pt","hostname":"MTNB843","pid":5780,"level":30,"msg":"Transimission time: 100188 +++++16.5#####","time":"2023-03-03T01:49:53.737Z","v":0}
{"name":"socket-pt","hostname":"MTNB843","pid":5780,"level":30,"msg":"Transimission time: 100189 +++++9#####","time":"2023-03-03T01:49:53.776Z","v":0}
{"name":"socket-pt","hostname":"MTNB843","pid":5780,"level":30,"msg":"Transimission time: 100190 +++++8.5#####","time":"2023-03-03T01:49:53.825Z","v":0}
{"name":"socket-pt","hostname":"MTNB843","pid":5780,"level":30,"msg":"Transimission time: 100191 +++++13.5#####","time":"2023-03-03T01:49:53.887Z","v":0}
{"name":"socket-pt","hostname":"MTNB843","pid":5780,"level":30,"msg":"Transimission time: 100193 +++++13.5#####","time":"2023-03-03T01:49:53.988Z","v":0}
{"name":"socket-pt","hostname":"MTNB843","pid":5780,"level":30,"msg":"Transimission time: 100194 +++++17#####","time":"2023-03-03T01:49:54.050Z","v":0}
{"name":"socket-pt","hostname":"MTNB843","pid":5780,"level":30,"msg":"Transimission time: 100195 +++++9.5#####","time":"2023-03-03T01:49:54.088Z","v":0}
{"name":"socket-pt","hostname":"MTNB843","pid":5780,"level":30,"msg":"Transimission time: 100196 +++++15.5#####","time":"2023-03-03T01:49:54.151Z","v":0}
{"name":"socket-pt","hostname":"MTNB843","pid":5780,"level":30,"msg":"Transimission time: 100197 +++++14#####","time":"2023-03-03T01:49:54.200Z","v":0}
{"name":"socket-pt","hostname":"MTNB843","pid":5780,"level":30,"msg":"Transimission time: 100198 +++++14#####","time":"2023-03-03T01:49:54.249Z","v":0}
{"name":"socket-pt","hostname":"MTNB843","pid":5780,"level":30,"msg":"Transimission time: 100199 +++++10#####","time":"2023-03-03T01:49:54.295Z","v":0}
{"name":"socket-pt","hostname":"MTNB843","pid":5780,"level":30,"msg":"Transimission time: 100200 +++++11#####","time":"2023-03-03T01:49:54.347Z","v":0}
{"name":"socket-pt","hostname":"MTNB843","pid":5780,"level":30,"msg":"Transimission time: 100201 +++++9#####","time":"2023-03-03T01:49:54.396Z","v":0}
{"name":"socket-pt","hostname":"MTNB843","pid":5780,"level":30,"msg":"Transimission time: 100202 +++++13#####","time":"2023-03-03T01:49:54.456Z","v":0}
{"name":"socket-pt","hostname":"MTNB843","pid":5780,"level":30,"msg":"Transimission time: 100203 +++++14.5#####","time":"2023-03-03T01:49:54.511Z","v":0}
{"name":"socket-pt","hostname":"MTNB843","pid":5780,"level":30,"msg":"Transimission time: 100204 +++++17.5#####","time":"2023-03-03T01:49:54.568Z","v":0}
{"name":"socket-pt","hostname":"MTNB843","pid":5780,"level":30,"msg":"Transimission time: 100205 +++++23#####","time":"2023-03-03T01:49:54.631Z","v":0}
{"name":"socket-pt","hostname":"MTNB843","pid":5780,"level":30,"msg":"Transimission time: 100206 +++++16.5#####","time":"2023-03-03T01:49:54.668Z","v":0}
{"name":"socket-pt","hostname":"MTNB843","pid":5780,"level":30,"msg":"Transimission time: 100207 +++++13.5#####","time":"2023-03-03T01:49:54.714Z","v":0}
{"name":"socket-pt","hostname":"MTNB843","pid":5780,"level":30,"msg":"Transimission time: 100208 +++++8.5#####","time":"2023-03-03T01:49:54.754Z","v":0}
{"name":"socket-pt","hostname":"MTNB843","pid":5780,"level":30,"msg":"Transimission time: 100209 +++++7.5#####","time":"2023-03-03T01:49:54.804Z","v":0}
{"name":"socket-pt","hostname":"MTNB843","pid":5780,"level":30,"msg":"Transimission time: 100210 +++++8.5#####","time":"2023-03-03T01:49:54.857Z","v":0}
{"name":"socket-pt","hostname":"MTNB843","pid":5780,"level":30,"msg":"Transimission time: 100211 +++++10#####","time":"2023-03-03T01:49:54.911Z","v":0}
{"name":"socket-pt","hostname":"MTNB843","pid":5780,"level":30,"msg":"Transimission time: 100212 +++++23.5#####","time":"2023-03-03T01:49:54.992Z","v":0}
{"name":"socket-pt","hostname":"MTNB843","pid":5780,"level":30,"msg":"Transimission time: 100213 +++++15.5#####","time":"2023-03-03T01:49:55.029Z","v":0}
{"name":"socket-pt","hostname":"MTNB843","pid":5780,"level":30,"msg":"Transimission time: 100214 +++++29#####","time":"2023-03-03T01:49:55.110Z","v":0}
{"name":"socket-pt","hostname":"MTNB843","pid":5780,"level":30,"msg":"Transimission time: 100216 +++++8#####","time":"2023-03-03T01:49:55.168Z","v":0}
{"name":"socket-pt","hostname":"MTNB843","pid":5780,"level":30,"msg":"Transimission time: 100215 +++++44#####","time":"2023-03-03T01:49:55.188Z","v":0}
{"name":"socket-pt","hostname":"MTNB843","pid":5780,"level":30,"msg":"Transimission time: 100217 +++++16.5#####","time":"2023-03-03T01:49:55.236Z","v":0}
{"name":"socket-pt","hostname":"MTNB843","pid":5780,"level":30,"msg":"Transimission time: 100218 +++++8.5#####","time":"2023-03-03T01:49:55.272Z","v":0}
{"name":"socket-pt","hostname":"MTNB843","pid":5780,"level":30,"msg":"Transimission time: 100219 +++++9#####","time":"2023-03-03T01:49:55.326Z","v":0}
{"name":"socket-pt","hostname":"MTNB843","pid":5780,"level":30,"msg":"Transimission time: 100221 +++++8#####","time":"2023-03-03T01:49:55.429Z","v":0}
{"name":"socket-pt","hostname":"MTNB843","pid":5780,"level":30,"msg":"Transimission time: 100222 +++++10#####","time":"2023-03-03T01:49:55.485Z","v":0}
{"name":"socket-pt","hostname":"MTNB843","pid":5780,"level":30,"msg":"Transimission time: 100223 +++++13#####","time":"2023-03-03T01:49:55.543Z","v":0}
{"name":"socket-pt","hostname":"MTNB843","pid":5780,"level":30,"msg":"Transimission time: 100224 +++++14#####","time":"2023-03-03T01:49:55.595Z","v":0}
{"name":"socket-pt","hostname":"MTNB843","pid":5780,"level":30,"msg":"Transimission time: 100225 +++++9.5#####","time":"2023-03-03T01:49:55.638Z","v":0}
{"name":"socket-pt","hostname":"MTNB843","pid":5780,"level":30,"msg":"Transimission time: 100226 +++++10.5#####","time":"2023-03-03T01:49:55.692Z","v":0}
{"name":"socket-pt","hostname":"MTNB843","pid":5780,"level":30,"msg":"Transimission time: 100227 +++++12#####","time":"2023-03-03T01:49:55.747Z","v":0}
{"name":"socket-pt","hostname":"MTNB843","pid":5780,"level":30,"msg":"Transimission time: 100228 +++++14#####","time":"2023-03-03T01:49:55.805Z","v":0}
{"name":"socket-pt","hostname":"MTNB843","pid":5780,"level":30,"msg":"Transimission time: 100229 +++++8#####","time":"2023-03-03T01:49:55.841Z","v":0}
{"name":"socket-pt","hostname":"MTNB843","pid":5780,"level":30,"msg":"Transimission time: 100230 +++++14#####","time":"2023-03-03T01:49:55.906Z","v":0}
{"name":"socket-pt","hostname":"MTNB843","pid":5780,"level":30,"msg":"Transimission time: 100231 +++++23#####","time":"2023-03-03T01:49:55.978Z","v":0}
{"name":"socket-pt","hostname":"MTNB843","pid":5780,"level":30,"msg":"Transimission time: 100232 +++++13#####","time":"2023-03-03T01:49:56.012Z","v":0}
{"name":"socket-pt","hostname":"MTNB843","pid":5780,"level":30,"msg":"Transimission time: 100234 +++++15#####","time":"2023-03-03T01:49:56.117Z","v":0}
{"name":"socket-pt","hostname":"MTNB843","pid":5780,"level":30,"msg":"Transimission time: 100235 +++++15#####","time":"2023-03-03T01:49:56.169Z","v":0}
{"name":"socket-pt","hostname":"MTNB843","pid":5780,"level":30,"msg":"Transimission time: 100236 +++++9.5#####","time":"2023-03-03T01:49:56.209Z","v":0}
{"name":"socket-pt","hostname":"MTNB843","pid":5780,"level":30,"msg":"Transimission time: 100237 +++++14#####","time":"2023-03-03T01:49:56.270Z","v":0}
{"name":"socket-pt","hostname":"MTNB843","pid":5780,"level":30,"msg":"Transimission time: 100238 +++++9#####","time":"2023-03-03T01:49:56.314Z","v":0}
{"name":"socket-pt","hostname":"MTNB843","pid":5780,"level":30,"msg":"Transimission time: 100240 +++++16.5#####","time":"2023-03-03T01:49:56.435Z","v":0}
{"name":"socket-pt","hostname":"MTNB843","pid":5780,"level":30,"msg":"Transimission time: 100241 +++++23.5#####","time":"2023-03-03T01:49:56.502Z","v":0}
{"name":"socket-pt","hostname":"MTNB843","pid":5780,"level":30,"msg":"Transimission time: 100242 +++++8#####","time":"2023-03-03T01:49:56.523Z","v":0}
{"name":"socket-pt","hostname":"MTNB843","pid":5780,"level":30,"msg":"Transimission time: 100243 +++++13#####","time":"2023-03-03T01:49:56.584Z","v":0}
{"name":"socket-pt","hostname":"MTNB843","pid":5780,"level":30,"msg":"Transimission time: 100244 +++++13#####","time":"2023-03-03T01:49:56.635Z","v":0}
{"name":"socket-pt","hostname":"MTNB843","pid":5780,"level":30,"msg":"Transimission time: 100245 +++++10.5#####","time":"2023-03-03T01:49:56.683Z","v":0}
{"name":"socket-pt","hostname":"MTNB843","pid":5780,"level":30,"msg":"Transimission time: 100246 +++++13.5#####","time":"2023-03-03T01:49:56.740Z","v":0}
{"name":"socket-pt","hostname":"MTNB843","pid":5780,"level":30,"msg":"Transimission time: 100247 +++++13#####","time":"2023-03-03T01:49:56.791Z","v":0}
{"name":"socket-pt","hostname":"MTNB843","pid":5780,"level":30,"msg":"Transimission time: 100248 +++++9.5#####","time":"2023-03-03T01:49:56.835Z","v":0}
{"name":"socket-pt","hostname":"MTNB843","pid":5780,"level":30,"msg":"Transimission time: 100249 +++++9#####","time":"2023-03-03T01:49:56.885Z","v":0}
{"name":"socket-pt","hostname":"MTNB843","pid":5780,"level":30,"msg":"Transimission time: 100250 +++++15.5#####","time":"2023-03-03T01:49:56.950Z","v":0}
{"name":"socket-pt","hostname":"MTNB843","pid":5780,"level":30,"msg":"Transimission time: 100251 +++++15.5#####","time":"2023-03-03T01:49:57.002Z","v":0}
{"name":"socket-pt","hostname":"MTNB843","pid":5780,"level":30,"msg":"Transimission time: 100252 +++++8#####","time":"2023-03-03T01:49:57.039Z","v":0}
{"name":"socket-pt","hostname":"MTNB843","pid":5780,"level":30,"msg":"Transimission time: 100253 +++++9.5#####","time":"2023-03-03T01:49:57.093Z","v":0}
{"name":"socket-pt","hostname":"MTNB843","pid":5780,"level":30,"msg":"Transimission time: 100254 +++++8.5#####","time":"2023-03-03T01:49:57.144Z","v":0}
{"name":"socket-pt","hostname":"MTNB843","pid":5780,"level":30,"msg":"Transimission time: 100255 +++++17#####","time":"2023-03-03T01:49:57.212Z","v":0}
{"name":"socket-pt","hostname":"MTNB843","pid":5780,"level":30,"msg":"Transimission time: 100256 +++++8.5#####","time":"2023-03-03T01:49:57.246Z","v":0}
{"name":"socket-pt","hostname":"MTNB843","pid":5780,"level":30,"msg":"Transimission time: 100257 +++++9.5#####","time":"2023-03-03T01:49:57.301Z","v":0}
{"name":"socket-pt","hostname":"MTNB843","pid":5780,"level":30,"msg":"Transimission time: 100258 +++++10.5#####","time":"2023-03-03T01:49:57.357Z","v":0}
{"name":"socket-pt","hostname":"MTNB843","pid":5780,"level":30,"msg":"Transimission time: 100259 +++++13.5#####","time":"2023-03-03T01:49:57.413Z","v":0}
{"name":"socket-pt","hostname":"MTNB843","pid":5780,"level":30,"msg":"Transimission time: 100260 +++++13#####","time":"2023-03-03T01:49:57.466Z","v":0}
{"name":"socket-pt","hostname":"MTNB843","pid":5780,"level":30,"msg":"Transimission time: 100261 +++++8#####","time":"2023-03-03T01:49:57.508Z","v":0}
{"name":"socket-pt","hostname":"MTNB843","pid":5780,"level":30,"msg":"Transimission time: 100262 +++++9#####","time":"2023-03-03T01:49:57.562Z","v":0}
{"name":"socket-pt","hostname":"MTNB843","pid":5780,"level":30,"msg":"Transimission time: 100263 +++++9#####","time":"2023-03-03T01:49:57.612Z","v":0}
{"name":"socket-pt","hostname":"MTNB843","pid":5780,"level":30,"msg":"Transimission time: 100264 +++++14#####","time":"2023-03-03T01:49:57.674Z","v":0}
{"name":"socket-pt","hostname":"MTNB843","pid":5780,"level":30,"msg":"Transimission time: 100265 +++++16.5#####","time":"2023-03-03T01:49:57.730Z","v":0}
{"name":"socket-pt","hostname":"MTNB843","pid":5780,"level":30,"msg":"Transimission time: 100266 +++++8#####","time":"2023-03-03T01:49:57.765Z","v":0}
{"name":"socket-pt","hostname":"MTNB843","pid":5780,"level":30,"msg":"Transimission time: 100267 +++++9.5#####","time":"2023-03-03T01:49:57.820Z","v":0}
{"name":"socket-pt","hostname":"MTNB843","pid":5780,"level":30,"msg":"Transimission time: 100268 +++++8#####","time":"2023-03-03T01:49:57.868Z","v":0}
{"name":"socket-pt","hostname":"MTNB843","pid":5780,"level":30,"msg":"Transimission time: 100269 +++++13.5#####","time":"2023-03-03T01:49:57.930Z","v":0}
{"name":"socket-pt","hostname":"MTNB843","pid":5780,"level":30,"msg":"Transimission time: 100270 +++++11.5#####","time":"2023-03-03T01:49:57.979Z","v":0}
{"name":"socket-pt","hostname":"MTNB843","pid":5780,"level":30,"msg":"Transimission time: 100271 +++++14.5#####","time":"2023-03-03T01:49:58.038Z","v":0}
{"name":"socket-pt","hostname":"MTNB843","pid":5780,"level":30,"msg":"Transimission time: 100272 +++++19#####","time":"2023-03-03T01:49:58.099Z","v":0}
{"name":"socket-pt","hostname":"MTNB843","pid":5780,"level":30,"msg":"Transimission time: 100273 +++++11#####","time":"2023-03-03T01:49:58.134Z","v":0}
{"name":"socket-pt","hostname":"MTNB843","pid":5780,"level":30,"msg":"Transimission time: 100275 +++++8.5#####","time":"2023-03-03T01:49:58.231Z","v":0}
{"name":"socket-pt","hostname":"MTNB843","pid":5780,"level":30,"msg":"Transimission time: 100278 +++++14.5#####","time":"2023-03-03T01:49:58.398Z","v":0}
{"name":"socket-pt","hostname":"MTNB843","pid":5780,"level":30,"msg":"Transimission time: 100274 +++++119.5#####","time":"2023-03-03T01:49:58.402Z","v":0}
{"name":"socket-pt","hostname":"MTNB843","pid":5780,"level":30,"msg":"Transimission time: 100276 +++++68.5#####","time":"2023-03-03T01:49:58.403Z","v":0}
{"name":"socket-pt","hostname":"MTNB843","pid":5780,"level":30,"msg":"Transimission time: 100279 +++++13.5#####","time":"2023-03-03T01:49:58.448Z","v":0}
{"name":"socket-pt","hostname":"MTNB843","pid":5780,"level":30,"msg":"Transimission time: 100280 +++++8.5#####","time":"2023-03-03T01:49:58.491Z","v":0}
{"name":"socket-pt","hostname":"MTNB843","pid":5780,"level":30,"msg":"Transimission time: 100281 +++++15.5#####","time":"2023-03-03T01:49:58.555Z","v":0}
{"name":"socket-pt","hostname":"MTNB843","pid":5780,"level":30,"msg":"Transimission time: 100282 +++++17#####","time":"2023-03-03T01:49:58.609Z","v":0}
{"name":"socket-pt","hostname":"MTNB843","pid":5780,"level":30,"msg":"Transimission time: 100283 +++++9.5#####","time":"2023-03-03T01:49:58.649Z","v":0}
{"name":"socket-pt","hostname":"MTNB843","pid":5780,"level":30,"msg":"Transimission time: 100284 +++++10#####","time":"2023-03-03T01:49:58.702Z","v":0}
{"name":"socket-pt","hostname":"MTNB843","pid":5780,"level":30,"msg":"Transimission time: 100285 +++++8.5#####","time":"2023-03-03T01:49:58.751Z","v":0}
{"name":"socket-pt","hostname":"MTNB843","pid":5780,"level":30,"msg":"Transimission time: 100287 +++++13#####","time":"2023-03-03T01:49:58.863Z","v":0}
{"name":"socket-pt","hostname":"MTNB843","pid":5780,"level":30,"msg":"Transimission time: 100286 +++++55#####","time":"2023-03-03T01:49:58.895Z","v":0}
{"name":"socket-pt","hostname":"MTNB843","pid":5780,"level":30,"msg":"Transimission time: 100288 +++++17.5#####","time":"2023-03-03T01:49:58.924Z","v":0}
{"name":"socket-pt","hostname":"MTNB843","pid":5780,"level":30,"msg":"Transimission time: 100289 +++++16#####","time":"2023-03-03T01:49:58.971Z","v":0}
{"name":"socket-pt","hostname":"MTNB843","pid":5780,"level":30,"msg":"Transimission time: 100290 +++++8.5#####","time":"2023-03-03T01:49:59.008Z","v":0}
{"name":"socket-pt","hostname":"MTNB843","pid":5780,"level":30,"msg":"Transimission time: 100292 +++++10.5#####","time":"2023-03-03T01:49:59.115Z","v":0}
{"name":"socket-pt","hostname":"MTNB843","pid":5780,"level":30,"msg":"Transimission time: 100293 +++++15.5#####","time":"2023-03-03T01:49:59.178Z","v":0}
{"name":"socket-pt","hostname":"MTNB843","pid":5780,"level":30,"msg":"Transimission time: 100291 +++++79.5#####","time":"2023-03-03T01:49:59.201Z","v":0}
{"name":"socket-pt","hostname":"MTNB843","pid":5780,"level":30,"msg":"Transimission time: 100294 +++++9#####","time":"2023-03-03T01:49:59.217Z","v":0}
{"name":"socket-pt","hostname":"MTNB843","pid":5780,"level":30,"msg":"Transimission time: 100295 +++++14#####","time":"2023-03-03T01:49:59.276Z","v":0}
{"name":"socket-pt","hostname":"MTNB843","pid":5780,"level":30,"msg":"Transimission time: 100296 +++++11#####","time":"2023-03-03T01:49:59.322Z","v":0}
{"name":"socket-pt","hostname":"MTNB843","pid":5780,"level":30,"msg":"Transimission time: 100297 +++++13.5#####","time":"2023-03-03T01:49:59.379Z","v":0}
{"name":"socket-pt","hostname":"MTNB843","pid":5780,"level":30,"msg":"Transimission time: 100298 +++++10.5#####","time":"2023-03-03T01:49:59.424Z","v":0}
{"name":"socket-pt","hostname":"MTNB843","pid":5780,"level":30,"msg":"Transimission time: 100299 +++++16#####","time":"2023-03-03T01:49:59.487Z","v":0}
{"name":"socket-pt","hostname":"MTNB843","pid":5780,"level":30,"msg":"Transimission time: 100300 +++++8.5#####","time":"2023-03-03T01:49:59.523Z","v":0}
{"name":"socket-pt","hostname":"MTNB843","pid":5780,"level":30,"msg":"Transimission time: 100301 +++++8#####","time":"2023-03-03T01:49:59.574Z","v":0}
{"name":"socket-pt","hostname":"MTNB843","pid":5780,"level":30,"msg":"Transimission time: 100302 +++++17#####","time":"2023-03-03T01:49:59.644Z","v":0}
{"name":"socket-pt","hostname":"MTNB843","pid":5780,"level":30,"msg":"Transimission time: 100304 +++++16#####","time":"2023-03-03T01:49:59.745Z","v":0}
{"name":"socket-pt","hostname":"MTNB843","pid":5780,"level":30,"msg":"Transimission time: 100305 +++++8.5#####","time":"2023-03-03T01:49:59.781Z","v":0}
{"name":"socket-pt","hostname":"MTNB843","pid":5780,"level":30,"msg":"Transimission time: 100303 +++++86#####","time":"2023-03-03T01:49:59.833Z","v":0}
{"name":"socket-pt","hostname":"MTNB843","pid":5780,"level":30,"msg":"Transimission time: 100306 +++++22#####","time":"2023-03-03T01:49:59.860Z","v":0}
{"name":"socket-pt","hostname":"MTNB843","pid":5780,"level":30,"msg":"Transimission time: 100307 +++++9.5#####","time":"2023-03-03T01:49:59.884Z","v":0}
{"name":"socket-pt","hostname":"MTNB843","pid":5780,"level":30,"msg":"Transimission time: 100308 +++++23#####","time":"2023-03-03T01:49:59.965Z","v":0}
{"name":"socket-pt","hostname":"MTNB843","pid":5780,"level":30,"msg":"Transimission time: 100309 +++++33#####","time":"2023-03-03T01:50:00.035Z","v":0}
{"name":"socket-pt","hostname":"MTNB843","pid":5780,"level":30,"msg":"Transimission time: 100310 +++++18#####","time":"2023-03-03T01:50:00.057Z","v":0}
{"name":"socket-pt","hostname":"MTNB843","pid":5780,"level":30,"msg":"Transimission time: 100311 +++++24#####","time":"2023-03-03T01:50:00.120Z","v":0}
{"name":"socket-pt","hostname":"MTNB843","pid":5780,"level":30,"msg":"Transimission time: 100312 +++++14.5#####","time":"2023-03-03T01:50:00.152Z","v":0}
{"name":"socket-pt","hostname":"MTNB843","pid":5780,"level":30,"msg":"Transimission time: 100313 +++++24.5#####","time":"2023-03-03T01:50:00.224Z","v":0}
{"name":"socket-pt","hostname":"MTNB843","pid":5780,"level":30,"msg":"Transimission time: 100314 +++++24.5#####","time":"2023-03-03T01:50:00.275Z","v":0}
{"name":"socket-pt","hostname":"MTNB843","pid":5780,"level":30,"msg":"Transimission time: 100315 +++++16.5#####","time":"2023-03-03T01:50:00.312Z","v":0}
{"name":"socket-pt","hostname":"MTNB843","pid":5780,"level":30,"msg":"Transimission time: 100316 +++++9.5#####","time":"2023-03-03T01:50:00.350Z","v":0}
{"name":"socket-pt","hostname":"MTNB843","pid":5780,"level":30,"msg":"Transimission time: 100317 +++++26#####","time":"2023-03-03T01:50:00.435Z","v":0}
{"name":"socket-pt","hostname":"MTNB843","pid":5780,"level":30,"msg":"Transimission time: 100318 +++++24#####","time":"2023-03-03T01:50:00.483Z","v":0}
{"name":"socket-pt","hostname":"MTNB843","pid":5780,"level":30,"msg":"Transimission time: 100319 +++++15.5#####","time":"2023-03-03T01:50:00.517Z","v":0}
{"name":"socket-pt","hostname":"MTNB843","pid":5780,"level":30,"msg":"Transimission time: 100320 +++++14#####","time":"2023-03-03T01:50:00.567Z","v":0}
{"name":"socket-pt","hostname":"MTNB843","pid":5780,"level":30,"msg":"Transimission time: 100321 +++++22#####","time":"2023-03-03T01:50:00.634Z","v":0}
{"name":"socket-pt","hostname":"MTNB843","pid":5780,"level":30,"msg":"Transimission time: 100322 +++++24#####","time":"2023-03-03T01:50:00.690Z","v":0}
{"name":"socket-pt","hostname":"MTNB843","pid":5780,"level":30,"msg":"Transimission time: 100323 +++++10.5#####","time":"2023-03-03T01:50:00.714Z","v":0}
{"name":"socket-pt","hostname":"MTNB843","pid":5780,"level":30,"msg":"Transimission time: 100324 +++++25#####","time":"2023-03-03T01:50:00.797Z","v":0}
{"name":"socket-pt","hostname":"MTNB843","pid":5780,"level":30,"msg":"Transimission time: 100325 +++++9#####","time":"2023-03-03T01:50:00.816Z","v":0}
{"name":"socket-pt","hostname":"MTNB843","pid":5780,"level":30,"msg":"Transimission time: 100326 +++++8.5#####","time":"2023-03-03T01:50:00.867Z","v":0}
{"name":"socket-pt","hostname":"MTNB843","pid":5780,"level":30,"msg":"Transimission time: 100327 +++++20#####","time":"2023-03-03T01:50:00.949Z","v":0}
{"name":"socket-pt","hostname":"MTNB843","pid":5780,"level":30,"msg":"Transimission time: 100328 +++++16#####","time":"2023-03-03T01:50:00.995Z","v":0}
{"name":"socket-pt","hostname":"MTNB843","pid":5780,"level":30,"msg":"Transimission time: 100329 +++++24.5#####","time":"2023-03-03T01:50:01.065Z","v":0}
{"name":"socket-pt","hostname":"MTNB843","pid":5780,"level":30,"msg":"Transimission time: 100330 +++++14.5#####","time":"2023-03-03T01:50:01.094Z","v":0}
{"name":"socket-pt","hostname":"MTNB843","pid":5780,"level":30,"msg":"Transimission time: 100331 +++++14#####","time":"2023-03-03T01:50:01.146Z","v":0}
{"name":"socket-pt","hostname":"MTNB843","pid":5780,"level":30,"msg":"Transimission time: 100332 +++++14#####","time":"2023-03-03T01:50:01.199Z","v":0}
{"name":"socket-pt","hostname":"MTNB843","pid":5780,"level":30,"msg":"Transimission time: 100333 +++++17#####","time":"2023-03-03T01:50:01.257Z","v":0}
{"name":"socket-pt","hostname":"MTNB843","pid":5780,"level":30,"msg":"Transimission time: 100334 +++++8#####","time":"2023-03-03T01:50:01.291Z","v":0}
{"name":"socket-pt","hostname":"MTNB843","pid":5780,"level":30,"msg":"Transimission time: 100335 +++++18#####","time":"2023-03-03T01:50:01.362Z","v":0}
{"name":"socket-pt","hostname":"MTNB843","pid":5780,"level":30,"msg":"Transimission time: 100336 +++++18.5#####","time":"2023-03-03T01:50:01.415Z","v":0}
{"name":"socket-pt","hostname":"MTNB843","pid":5780,"level":30,"msg":"Transimission time: 100337 +++++15#####","time":"2023-03-03T01:50:01.461Z","v":0}
{"name":"socket-pt","hostname":"MTNB843","pid":5780,"level":30,"msg":"Transimission time: 100338 +++++13.5#####","time":"2023-03-03T01:50:01.508Z","v":0}
{"name":"socket-pt","hostname":"MTNB843","pid":5780,"level":30,"msg":"Transimission time: 100339 +++++14#####","time":"2023-03-03T01:50:01.560Z","v":0}
{"name":"socket-pt","hostname":"MTNB843","pid":5780,"level":30,"msg":"Transimission time: 100340 +++++14#####","time":"2023-03-03T01:50:01.613Z","v":0}
{"name":"socket-pt","hostname":"MTNB843","pid":5780,"level":30,"msg":"Transimission time: 100341 +++++18.5#####","time":"2023-03-03T01:50:01.673Z","v":0}
{"name":"socket-pt","hostname":"MTNB843","pid":5780,"level":30,"msg":"Transimission time: 100342 +++++10#####","time":"2023-03-03T01:50:01.708Z","v":0}
{"name":"socket-pt","hostname":"MTNB843","pid":5780,"level":30,"msg":"Transimission time: 100343 +++++8#####","time":"2023-03-03T01:50:01.756Z","v":0}
{"name":"socket-pt","hostname":"MTNB843","pid":5780,"level":30,"msg":"Transimission time: 100344 +++++8.5#####","time":"2023-03-03T01:50:01.808Z","v":0}
{"name":"socket-pt","hostname":"MTNB843","pid":5780,"level":30,"msg":"Transimission time: 100345 +++++18.5#####","time":"2023-03-03T01:50:01.881Z","v":0}
{"name":"socket-pt","hostname":"MTNB843","pid":5780,"level":30,"msg":"Transimission time: 100346 +++++11#####","time":"2023-03-03T01:50:01.918Z","v":0}
{"name":"socket-pt","hostname":"MTNB843","pid":5780,"level":30,"msg":"Transimission time: 100347 +++++13#####","time":"2023-03-03T01:50:01.973Z","v":0}
{"name":"socket-pt","hostname":"MTNB843","pid":5780,"level":30,"msg":"Transimission time: 100348 +++++9#####","time":"2023-03-03T01:50:02.016Z","v":0}
{"name":"socket-pt","hostname":"MTNB843","pid":5780,"level":30,"msg":"Transimission time: 100349 +++++9#####","time":"2023-03-03T01:50:02.068Z","v":0}
{"name":"socket-pt","hostname":"MTNB843","pid":5780,"level":30,"msg":"Transimission time: 100350 +++++19#####","time":"2023-03-03T01:50:02.140Z","v":0}
{"name":"socket-pt","hostname":"MTNB843","pid":5780,"level":30,"msg":"Transimission time: 100351 +++++10#####","time":"2023-03-03T01:50:02.173Z","v":0}
{"name":"socket-pt","hostname":"MTNB843","pid":5780,"level":30,"msg":"Transimission time: 100352 +++++14#####","time":"2023-03-03T01:50:02.232Z","v":0}
{"name":"socket-pt","hostname":"MTNB843","pid":5780,"level":30,"msg":"Transimission time: 100353 +++++13.5#####","time":"2023-03-03T01:50:02.281Z","v":0}
{"name":"socket-pt","hostname":"MTNB843","pid":5780,"level":30,"msg":"Transimission time: 100354 +++++15#####","time":"2023-03-03T01:50:02.336Z","v":0}
{"name":"socket-pt","hostname":"MTNB843","pid":5780,"level":30,"msg":"Transimission time: 100355 +++++23.5#####","time":"2023-03-03T01:50:02.407Z","v":0}
{"name":"socket-pt","hostname":"MTNB843","pid":5780,"level":30,"msg":"Transimission time: 100356 +++++18#####","time":"2023-03-03T01:50:02.449Z","v":0}
{"name":"socket-pt","hostname":"MTNB843","pid":5780,"level":30,"msg":"Transimission time: 100357 +++++24#####","time":"2023-03-03T01:50:02.511Z","v":0}
{"name":"socket-pt","hostname":"MTNB843","pid":5780,"level":30,"msg":"Transimission time: 100358 +++++9#####","time":"2023-03-03T01:50:02.534Z","v":0}
{"name":"socket-pt","hostname":"MTNB843","pid":5780,"level":30,"msg":"Transimission time: 100359 +++++9#####","time":"2023-03-03T01:50:02.584Z","v":0}
{"name":"socket-pt","hostname":"MTNB843","pid":5780,"level":30,"msg":"Transimission time: 100360 +++++13.5#####","time":"2023-03-03T01:50:02.646Z","v":0}
{"name":"socket-pt","hostname":"MTNB843","pid":5780,"level":30,"msg":"Transimission time: 100362 +++++13.5#####","time":"2023-03-03T01:50:02.748Z","v":0}
{"name":"socket-pt","hostname":"MTNB843","pid":5780,"level":30,"msg":"Transimission time: 100363 +++++8.5#####","time":"2023-03-03T01:50:02.789Z","v":0}
{"name":"socket-pt","hostname":"MTNB843","pid":5780,"level":30,"msg":"Transimission time: 100364 +++++13#####","time":"2023-03-03T01:50:02.849Z","v":0}
{"name":"socket-pt","hostname":"MTNB843","pid":5780,"level":30,"msg":"Transimission time: 100365 +++++20#####","time":"2023-03-03T01:50:02.915Z","v":0}
{"name":"socket-pt","hostname":"MTNB843","pid":5780,"level":30,"msg":"Transimission time: 100366 +++++9#####","time":"2023-03-03T01:50:02.944Z","v":0}
{"name":"socket-pt","hostname":"MTNB843","pid":5780,"level":30,"msg":"Transimission time: 100367 +++++14#####","time":"2023-03-03T01:50:03.006Z","v":0}
{"name":"socket-pt","hostname":"MTNB843","pid":5780,"level":30,"msg":"Transimission time: 100368 +++++19#####","time":"2023-03-03T01:50:03.069Z","v":0}
{"name":"socket-pt","hostname":"MTNB843","pid":5780,"level":30,"msg":"Transimission time: 100369 +++++8#####","time":"2023-03-03T01:50:03.098Z","v":0}
{"name":"socket-pt","hostname":"MTNB843","pid":5780,"level":30,"msg":"Transimission time: 100370 +++++9#####","time":"2023-03-03T01:50:03.150Z","v":0}
{"name":"socket-pt","hostname":"MTNB843","pid":5780,"level":30,"msg":"Transimission time: 100371 +++++13.5#####","time":"2023-03-03T01:50:03.211Z","v":0}
{"name":"socket-pt","hostname":"MTNB843","pid":5780,"level":30,"msg":"Transimission time: 100372 +++++14#####","time":"2023-03-03T01:50:03.262Z","v":0}
{"name":"socket-pt","hostname":"MTNB843","pid":5780,"level":30,"msg":"Transimission time: 100373 +++++14#####","time":"2023-03-03T01:50:03.315Z","v":0}
{"name":"socket-pt","hostname":"MTNB843","pid":5780,"level":30,"msg":"Transimission time: 100374 +++++15#####","time":"2023-03-03T01:50:03.368Z","v":0}
{"name":"socket-pt","hostname":"MTNB843","pid":5780,"level":30,"msg":"Transimission time: 100375 +++++14#####","time":"2023-03-03T01:50:03.416Z","v":0}
{"name":"socket-pt","hostname":"MTNB843","pid":5780,"level":30,"msg":"Transimission time: 100376 +++++13.5#####","time":"2023-03-03T01:50:03.467Z","v":0}
{"name":"socket-pt","hostname":"MTNB843","pid":5780,"level":30,"msg":"Transimission time: 100377 +++++9.5#####","time":"2023-03-03T01:50:03.515Z","v":0}
{"name":"socket-pt","hostname":"MTNB843","pid":5780,"level":30,"msg":"Transimission time: 100378 +++++8#####","time":"2023-03-03T01:50:03.562Z","v":0}
{"name":"socket-pt","hostname":"MTNB843","pid":5780,"level":30,"msg":"Transimission time: 100379 +++++13#####","time":"2023-03-03T01:50:03.624Z","v":0}
{"name":"socket-pt","hostname":"MTNB843","pid":5780,"level":30,"msg":"Transimission time: 100381 +++++13.5#####","time":"2023-03-03T01:50:03.729Z","v":0}
{"name":"socket-pt","hostname":"MTNB843","pid":5780,"level":30,"msg":"Transimission time: 100382 +++++8#####","time":"2023-03-03T01:50:03.768Z","v":0}
{"name":"socket-pt","hostname":"MTNB843","pid":5780,"level":30,"msg":"Transimission time: 100383 +++++8#####","time":"2023-03-03T01:50:03.820Z","v":0}
{"name":"socket-pt","hostname":"MTNB843","pid":5780,"level":30,"msg":"Transimission time: 100384 +++++8#####","time":"2023-03-03T01:50:03.871Z","v":0}
{"name":"socket-pt","hostname":"MTNB843","pid":5780,"level":30,"msg":"Transimission time: 100385 +++++13.5#####","time":"2023-03-03T01:50:03.933Z","v":0}
{"name":"socket-pt","hostname":"MTNB843","pid":5780,"level":30,"msg":"Transimission time: 100386 +++++14#####","time":"2023-03-03T01:50:03.985Z","v":0}
{"name":"socket-pt","hostname":"MTNB843","pid":5780,"level":30,"msg":"Transimission time: 100387 +++++9.5#####","time":"2023-03-03T01:50:04.030Z","v":0}
{"name":"socket-pt","hostname":"MTNB843","pid":5780,"level":30,"msg":"Transimission time: 100388 +++++13#####","time":"2023-03-03T01:50:04.089Z","v":0}
{"name":"socket-pt","hostname":"MTNB843","pid":5780,"level":30,"msg":"Transimission time: 100389 +++++14#####","time":"2023-03-03T01:50:04.143Z","v":0}
{"name":"socket-pt","hostname":"MTNB843","pid":5780,"level":30,"msg":"Transimission time: 100391 +++++9.5#####","time":"2023-03-03T01:50:04.238Z","v":0}
{"name":"socket-pt","hostname":"MTNB843","pid":5780,"level":30,"msg":"Transimission time: 100392 +++++9#####","time":"2023-03-03T01:50:04.287Z","v":0}
{"name":"socket-pt","hostname":"MTNB843","pid":5780,"level":30,"msg":"Transimission time: 100390 +++++69#####","time":"2023-03-03T01:50:04.306Z","v":0}
{"name":"socket-pt","hostname":"MTNB843","pid":5780,"level":30,"msg":"Transimission time: 100393 +++++9#####","time":"2023-03-03T01:50:04.339Z","v":0}
{"name":"socket-pt","hostname":"MTNB843","pid":5780,"level":30,"msg":"Transimission time: 100394 +++++9#####","time":"2023-03-03T01:50:04.389Z","v":0}
{"name":"socket-pt","hostname":"MTNB843","pid":5780,"level":30,"msg":"Transimission time: 100395 +++++8.5#####","time":"2023-03-03T01:50:04.440Z","v":0}
{"name":"socket-pt","hostname":"MTNB843","pid":5780,"level":30,"msg":"Transimission time: 100396 +++++8.5#####","time":"2023-03-03T01:50:04.491Z","v":0}
{"name":"socket-pt","hostname":"MTNB843","pid":5780,"level":30,"msg":"Transimission time: 100397 +++++13.5#####","time":"2023-03-03T01:50:04.553Z","v":0}
{"name":"socket-pt","hostname":"MTNB843","pid":5780,"level":30,"msg":"Transimission time: 100398 +++++9.5#####","time":"2023-03-03T01:50:04.598Z","v":0}
{"name":"socket-pt","hostname":"MTNB843","pid":5780,"level":30,"msg":"Transimission time: 100399 +++++8#####","time":"2023-03-03T01:50:04.646Z","v":0}
{"name":"socket-pt","hostname":"MTNB843","pid":5780,"level":30,"msg":"Transimission time: 100401 +++++8.5#####","time":"2023-03-03T01:50:04.750Z","v":0}
{"name":"socket-pt","hostname":"MTNB843","pid":5780,"level":30,"msg":"Transimission time: 100400 +++++45#####","time":"2023-03-03T01:50:04.771Z","v":0}
{"name":"socket-pt","hostname":"MTNB843","pid":5780,"level":30,"msg":"Transimission time: 100402 +++++8#####","time":"2023-03-03T01:50:04.803Z","v":0}
{"name":"socket-pt","hostname":"MTNB843","pid":5780,"level":30,"msg":"Transimission time: 100403 +++++9.5#####","time":"2023-03-03T01:50:04.856Z","v":0}
{"name":"socket-pt","hostname":"MTNB843","pid":5780,"level":30,"msg":"Transimission time: 100404 +++++13.5#####","time":"2023-03-03T01:50:04.915Z","v":0}
{"name":"socket-pt","hostname":"MTNB843","pid":5780,"level":30,"msg":"Transimission time: 100405 +++++13.5#####","time":"2023-03-03T01:50:04.966Z","v":0}
{"name":"socket-pt","hostname":"MTNB843","pid":5780,"level":30,"msg":"Transimission time: 100406 +++++7.5#####","time":"2023-03-03T01:50:05.014Z","v":0}
{"name":"socket-pt","hostname":"MTNB843","pid":5780,"level":30,"msg":"Transimission time: 100407 +++++15#####","time":"2023-03-03T01:50:05.082Z","v":0}
{"name":"socket-pt","hostname":"MTNB843","pid":5780,"level":30,"msg":"Transimission time: 100408 +++++13#####","time":"2023-03-03T01:50:05.130Z","v":0}
{"name":"socket-pt","hostname":"MTNB843","pid":5780,"level":30,"msg":"Transimission time: 100410 +++++8#####","time":"2023-03-03T01:50:05.224Z","v":0}
{"name":"socket-pt","hostname":"MTNB843","pid":5780,"level":30,"msg":"Transimission time: 100411 +++++8#####","time":"2023-03-03T01:50:05.275Z","v":0}
{"name":"socket-pt","hostname":"MTNB843","pid":5780,"level":30,"msg":"Transimission time: 100412 +++++13.5#####","time":"2023-03-03T01:50:05.336Z","v":0}
{"name":"socket-pt","hostname":"MTNB843","pid":5780,"level":30,"msg":"Transimission time: 100413 +++++8#####","time":"2023-03-03T01:50:05.377Z","v":0}
{"name":"socket-pt","hostname":"MTNB843","pid":5780,"level":30,"msg":"Transimission time: 100414 +++++13.5#####","time":"2023-03-03T01:50:05.441Z","v":0}
{"name":"socket-pt","hostname":"MTNB843","pid":5780,"level":30,"msg":"Transimission time: 100415 +++++8.5#####","time":"2023-03-03T01:50:05.481Z","v":0}
{"name":"socket-pt","hostname":"MTNB843","pid":5780,"level":30,"msg":"Transimission time: 100416 +++++8.5#####","time":"2023-03-03T01:50:05.531Z","v":0}
{"name":"socket-pt","hostname":"MTNB843","pid":5780,"level":30,"msg":"Transimission time: 100417 +++++14#####","time":"2023-03-03T01:50:05.595Z","v":0}
{"name":"socket-pt","hostname":"MTNB843","pid":5780,"level":30,"msg":"Transimission time: 100418 +++++13.5#####","time":"2023-03-03T01:50:05.646Z","v":0}
{"name":"socket-pt","hostname":"MTNB843","pid":5780,"level":30,"msg":"Transimission time: 100419 +++++8#####","time":"2023-03-03T01:50:05.686Z","v":0}
{"name":"socket-pt","hostname":"MTNB843","pid":5780,"level":30,"msg":"Transimission time: 100420 +++++8.5#####","time":"2023-03-03T01:50:05.740Z","v":0}
{"name":"socket-pt","hostname":"MTNB843","pid":5780,"level":30,"msg":"Transimission time: 100421 +++++10#####","time":"2023-03-03T01:50:05.798Z","v":0}
{"name":"socket-pt","hostname":"MTNB843","pid":5780,"level":30,"msg":"Transimission time: 100422 +++++8#####","time":"2023-03-03T01:50:05.845Z","v":0}
{"name":"socket-pt","hostname":"MTNB843","pid":5780,"level":30,"msg":"Transimission time: 100424 +++++8#####","time":"2023-03-03T01:50:05.949Z","v":0}
{"name":"socket-pt","hostname":"MTNB843","pid":5780,"level":30,"msg":"Transimission time: 100425 +++++8.5#####","time":"2023-03-03T01:50:06.002Z","v":0}
{"name":"socket-pt","hostname":"MTNB843","pid":5780,"level":30,"msg":"Transimission time: 100426 +++++8#####","time":"2023-03-03T01:50:06.050Z","v":0}
{"name":"socket-pt","hostname":"MTNB843","pid":5780,"level":30,"msg":"Transimission time: 100427 +++++20.5#####","time":"2023-03-03T01:50:06.126Z","v":0}
{"name":"socket-pt","hostname":"MTNB843","pid":5780,"level":30,"msg":"Transimission time: 100428 +++++18#####","time":"2023-03-03T01:50:06.173Z","v":0}
{"name":"socket-pt","hostname":"MTNB843","pid":5780,"level":30,"msg":"Transimission time: 100429 +++++13.5#####","time":"2023-03-03T01:50:06.216Z","v":0}
{"name":"socket-pt","hostname":"MTNB843","pid":5780,"level":30,"msg":"Transimission time: 100430 +++++13.5#####","time":"2023-03-03T01:50:06.267Z","v":0}
{"name":"socket-pt","hostname":"MTNB843","pid":5780,"level":30,"msg":"Transimission time: 100431 +++++13.5#####","time":"2023-03-03T01:50:06.319Z","v":0}
{"name":"socket-pt","hostname":"MTNB843","pid":5780,"level":30,"msg":"Transimission time: 100432 +++++8#####","time":"2023-03-03T01:50:06.359Z","v":0}
{"name":"socket-pt","hostname":"MTNB843","pid":5780,"level":30,"msg":"Transimission time: 100433 +++++13#####","time":"2023-03-03T01:50:06.421Z","v":0}
{"name":"socket-pt","hostname":"MTNB843","pid":5780,"level":30,"msg":"Transimission time: 100434 +++++18#####","time":"2023-03-03T01:50:06.483Z","v":0}
{"name":"socket-pt","hostname":"MTNB843","pid":5780,"level":30,"msg":"Transimission time: 100436 +++++14#####","time":"2023-03-03T01:50:06.577Z","v":0}
{"name":"socket-pt","hostname":"MTNB843","pid":5780,"level":30,"msg":"Transimission time: 100437 +++++13.5#####","time":"2023-03-03T01:50:06.629Z","v":0}
{"name":"socket-pt","hostname":"MTNB843","pid":5780,"level":30,"msg":"Transimission time: 100438 +++++13#####","time":"2023-03-03T01:50:06.679Z","v":0}
{"name":"socket-pt","hostname":"MTNB843","pid":5780,"level":30,"msg":"Transimission time: 100439 +++++18.5#####","time":"2023-03-03T01:50:06.740Z","v":0}
{"name":"socket-pt","hostname":"MTNB843","pid":5780,"level":30,"msg":"Transimission time: 100440 +++++13#####","time":"2023-03-03T01:50:06.782Z","v":0}
{"name":"socket-pt","hostname":"MTNB843","pid":5780,"level":30,"msg":"Transimission time: 100441 +++++8#####","time":"2023-03-03T01:50:06.826Z","v":0}
{"name":"socket-pt","hostname":"MTNB843","pid":5780,"level":30,"msg":"Transimission time: 100442 +++++8.5#####","time":"2023-03-03T01:50:06.880Z","v":0}
{"name":"socket-pt","hostname":"MTNB843","pid":5780,"level":30,"msg":"Transimission time: 100443 +++++13#####","time":"2023-03-03T01:50:06.941Z","v":0}
{"name":"socket-pt","hostname":"MTNB843","pid":5780,"level":30,"msg":"Transimission time: 100444 +++++13#####","time":"2023-03-03T01:50:06.991Z","v":0}
{"name":"socket-pt","hostname":"MTNB843","pid":5780,"level":30,"msg":"Transimission time: 100445 +++++13#####","time":"2023-03-03T01:50:07.045Z","v":0}
{"name":"socket-pt","hostname":"MTNB843","pid":5780,"level":30,"msg":"Transimission time: 100447 +++++14#####","time":"2023-03-03T01:50:07.147Z","v":0}
{"name":"socket-pt","hostname":"MTNB843","pid":5780,"level":30,"msg":"Transimission time: 100448 +++++9#####","time":"2023-03-03T01:50:07.189Z","v":0}
{"name":"socket-pt","hostname":"MTNB843","pid":5780,"level":30,"msg":"Transimission time: 100449 +++++12.5#####","time":"2023-03-03T01:50:07.248Z","v":0}
{"name":"socket-pt","hostname":"MTNB843","pid":5780,"level":30,"msg":"Transimission time: 100450 +++++8.5#####","time":"2023-03-03T01:50:07.290Z","v":0}
{"name":"socket-pt","hostname":"MTNB843","pid":5780,"level":30,"msg":"Transimission time: 100451 +++++9#####","time":"2023-03-03T01:50:07.344Z","v":0}
{"name":"socket-pt","hostname":"MTNB843","pid":5780,"level":30,"msg":"Transimission time: 100452 +++++14#####","time":"2023-03-03T01:50:07.405Z","v":0}
{"name":"socket-pt","hostname":"MTNB843","pid":5780,"level":30,"msg":"Transimission time: 100454 +++++8#####","time":"2023-03-03T01:50:07.497Z","v":0}
{"name":"socket-pt","hostname":"MTNB843","pid":5780,"level":30,"msg":"Transimission time: 100455 +++++13.5#####","time":"2023-03-03T01:50:07.559Z","v":0}
{"name":"socket-pt","hostname":"MTNB843","pid":5780,"level":30,"msg":"Transimission time: 100456 +++++16#####","time":"2023-03-03T01:50:07.615Z","v":0}
{"name":"socket-pt","hostname":"MTNB843","pid":5780,"level":30,"msg":"Transimission time: 100457 +++++8#####","time":"2023-03-03T01:50:07.651Z","v":0}
{"name":"socket-pt","hostname":"MTNB843","pid":5780,"level":30,"msg":"Transimission time: 100458 +++++8#####","time":"2023-03-03T01:50:07.702Z","v":0}
{"name":"socket-pt","hostname":"MTNB843","pid":5780,"level":30,"msg":"Transimission time: 100459 +++++10.5#####","time":"2023-03-03T01:50:07.758Z","v":0}
{"name":"socket-pt","hostname":"MTNB843","pid":5780,"level":30,"msg":"Transimission time: 100460 +++++9.5#####","time":"2023-03-03T01:50:07.807Z","v":0}
{"name":"socket-pt","hostname":"MTNB843","pid":5780,"level":30,"msg":"Transimission time: 100461 +++++13.5#####","time":"2023-03-03T01:50:07.867Z","v":0}
{"name":"socket-pt","hostname":"MTNB843","pid":5780,"level":30,"msg":"Transimission time: 100462 +++++13.5#####","time":"2023-03-03T01:50:07.918Z","v":0}
{"name":"socket-pt","hostname":"MTNB843","pid":5780,"level":30,"msg":"Transimission time: 100463 +++++15.5#####","time":"2023-03-03T01:50:07.974Z","v":0}
{"name":"socket-pt","hostname":"MTNB843","pid":5780,"level":30,"msg":"Transimission time: 100464 +++++14#####","time":"2023-03-03T01:50:08.022Z","v":0}
{"name":"socket-pt","hostname":"MTNB843","pid":5780,"level":30,"msg":"Transimission time: 100465 +++++13#####","time":"2023-03-03T01:50:08.071Z","v":0}
{"name":"socket-pt","hostname":"MTNB843","pid":5780,"level":30,"msg":"Transimission time: 100466 +++++8.5#####","time":"2023-03-03T01:50:08.116Z","v":0}
{"name":"socket-pt","hostname":"MTNB843","pid":5780,"level":30,"msg":"Transimission time: 100467 +++++13.5#####","time":"2023-03-03T01:50:08.178Z","v":0}
{"name":"socket-pt","hostname":"MTNB843","pid":5780,"level":30,"msg":"Transimission time: 100468 +++++8#####","time":"2023-03-03T01:50:08.218Z","v":0}
{"name":"socket-pt","hostname":"MTNB843","pid":5780,"level":30,"msg":"Transimission time: 100469 +++++8.5#####","time":"2023-03-03T01:50:08.271Z","v":0}
{"name":"socket-pt","hostname":"MTNB843","pid":5780,"level":30,"msg":"Transimission time: 100470 +++++8#####","time":"2023-03-03T01:50:08.322Z","v":0}
{"name":"socket-pt","hostname":"MTNB843","pid":5780,"level":30,"msg":"Transimission time: 100471 +++++14#####","time":"2023-03-03T01:50:08.387Z","v":0}
{"name":"socket-pt","hostname":"MTNB843","pid":5780,"level":30,"msg":"Transimission time: 100472 +++++13.5#####","time":"2023-03-03T01:50:08.437Z","v":0}
{"name":"socket-pt","hostname":"MTNB843","pid":5780,"level":30,"msg":"Transimission time: 100473 +++++9#####","time":"2023-03-03T01:50:08.479Z","v":0}
{"name":"socket-pt","hostname":"MTNB843","pid":5780,"level":30,"msg":"Transimission time: 100474 +++++8#####","time":"2023-03-03T01:50:08.529Z","v":0}
{"name":"socket-pt","hostname":"MTNB843","pid":5780,"level":30,"msg":"Transimission time: 100475 +++++13.5#####","time":"2023-03-03T01:50:08.591Z","v":0}
{"name":"socket-pt","hostname":"MTNB843","pid":5780,"level":30,"msg":"Transimission time: 100476 +++++8.5#####","time":"2023-03-03T01:50:08.634Z","v":0}
{"name":"socket-pt","hostname":"MTNB843","pid":5780,"level":30,"msg":"Transimission time: 100477 +++++13#####","time":"2023-03-03T01:50:08.694Z","v":0}
{"name":"socket-pt","hostname":"MTNB843","pid":5780,"level":30,"msg":"Transimission time: 100478 +++++13.5#####","time":"2023-03-03T01:50:08.746Z","v":0}
{"name":"socket-pt","hostname":"MTNB843","pid":5780,"level":30,"msg":"Transimission time: 100479 +++++8#####","time":"2023-03-03T01:50:08.788Z","v":0}
{"name":"socket-pt","hostname":"MTNB843","pid":5780,"level":30,"msg":"Transimission time: 100480 +++++14#####","time":"2023-03-03T01:50:08.851Z","v":0}
{"name":"socket-pt","hostname":"MTNB843","pid":5780,"level":30,"msg":"Transimission time: 100485 +++++13.5#####","time":"2023-03-03T01:50:09.107Z","v":0}
{"name":"socket-pt","hostname":"MTNB843","pid":5780,"level":30,"msg":"Transimission time: 100482 +++++94.5#####","time":"2023-03-03T01:50:09.113Z","v":0}
{"name":"socket-pt","hostname":"MTNB843","pid":5780,"level":30,"msg":"Transimission time: 100486 +++++9#####","time":"2023-03-03T01:50:09.150Z","v":0}
{"name":"socket-pt","hostname":"MTNB843","pid":5780,"level":30,"msg":"Transimission time: 100487 +++++8#####","time":"2023-03-03T01:50:09.201Z","v":0}
{"name":"socket-pt","hostname":"MTNB843","pid":5780,"level":30,"msg":"Transimission time: 100483 +++++118.5#####","time":"2023-03-03T01:50:09.214Z","v":0}
{"name":"socket-pt","hostname":"MTNB843","pid":5780,"level":30,"msg":"Transimission time: 100488 +++++13.5#####","time":"2023-03-03T01:50:09.264Z","v":0}
{"name":"socket-pt","hostname":"MTNB843","pid":5780,"level":30,"msg":"Transimission time: 100489 +++++9#####","time":"2023-03-03T01:50:09.306Z","v":0}
{"name":"socket-pt","hostname":"MTNB843","pid":5780,"level":30,"msg":"Transimission time: 100484 +++++140#####","time":"2023-03-03T01:50:09.308Z","v":0}
{"name":"socket-pt","hostname":"MTNB843","pid":5780,"level":30,"msg":"Transimission time: 100490 +++++8#####","time":"2023-03-03T01:50:09.357Z","v":0}
{"name":"socket-pt","hostname":"MTNB843","pid":5780,"level":30,"msg":"Transimission time: 100491 +++++8#####","time":"2023-03-03T01:50:09.408Z","v":0}
{"name":"socket-pt","hostname":"MTNB843","pid":5780,"level":30,"msg":"Transimission time: 100492 +++++8#####","time":"2023-03-03T01:50:09.459Z","v":0}
{"name":"socket-pt","hostname":"MTNB843","pid":5780,"level":30,"msg":"Transimission time: 100493 +++++8#####","time":"2023-03-03T01:50:09.512Z","v":0}
{"name":"socket-pt","hostname":"MTNB843","pid":5780,"level":30,"msg":"Transimission time: 100494 +++++13#####","time":"2023-03-03T01:50:09.572Z","v":0}
{"name":"socket-pt","hostname":"MTNB843","pid":5780,"level":30,"msg":"Transimission time: 100495 +++++7.5#####","time":"2023-03-03T01:50:09.612Z","v":0}
{"name":"socket-pt","hostname":"MTNB843","pid":5780,"level":30,"msg":"Transimission time: 100496 +++++17#####","time":"2023-03-03T01:50:09.689Z","v":0}
{"name":"socket-pt","hostname":"MTNB843","pid":5780,"level":30,"msg":"Transimission time: 100497 +++++9.5#####","time":"2023-03-03T01:50:09.720Z","v":0}
{"name":"socket-pt","hostname":"MTNB843","pid":5780,"level":30,"msg":"Transimission time: 100498 +++++8#####","time":"2023-03-03T01:50:09.769Z","v":0}
{"name":"socket-pt","hostname":"MTNB843","pid":5780,"level":30,"msg":"Transimission time: 100499 +++++8.5#####","time":"2023-03-03T01:50:09.822Z","v":0}
{"name":"socket-pt","hostname":"MTNB843","pid":5780,"level":30,"msg":"Transimission time: 100500 +++++8#####","time":"2023-03-03T01:50:09.872Z","v":0}
{"name":"socket-pt","hostname":"MTNB843","pid":5780,"level":30,"msg":"Transimission time: 100021 +++++25385.5#####","time":"2023-03-03T01:50:35.806Z","v":0}
{"name":"socket-pt","hostname":"MTNB843","pid":5780,"level":30,"msg":"Transimission time: 100027 +++++25395.5#####","time":"2023-03-03T01:50:36.138Z","v":0}
{"name":"socket-pt","hostname":"MTNB843","pid":5780,"level":30,"msg":"Transimission time: 100043 +++++25727#####","time":"2023-03-03T01:50:37.628Z","v":0}
{"name":"socket-pt","hostname":"MTNB843","pid":5780,"level":30,"msg":"Transimission time: 100079 +++++25444.5#####","time":"2023-03-03T01:50:38.918Z","v":0}
{"name":"socket-pt","hostname":"MTNB843","pid":5780,"level":30,"msg":"Transimission time: 100074 +++++25693#####","time":"2023-03-03T01:50:39.159Z","v":0}
{"name":"socket-pt","hostname":"MTNB843","pid":5780,"level":30,"msg":"Transimission time: 100089 +++++25340.5#####","time":"2023-03-03T01:50:39.224Z","v":0}
{"name":"socket-pt","hostname":"MTNB843","pid":5780,"level":30,"msg":"Transimission time: 100129 +++++25828#####","time":"2023-03-03T01:50:42.306Z","v":0}
{"name":"socket-pt","hostname":"MTNB843","pid":5780,"level":30,"msg":"Transimission time: 100162 +++++25737.5#####","time":"2023-03-03T01:50:43.835Z","v":0}
{"name":"socket-pt","hostname":"MTNB843","pid":5780,"level":30,"msg":"Transimission time: 100192 +++++25634.5#####","time":"2023-03-03T01:50:45.180Z","v":0}
{"name":"socket-pt","hostname":"MTNB843","pid":5780,"level":30,"msg":"Transimission time: 100233 +++++25433.5#####","time":"2023-03-03T01:50:46.903Z","v":0}
{"name":"socket-pt","hostname":"MTNB843","pid":5780,"level":30,"msg":"Transimission time: 100220 +++++25828.5#####","time":"2023-03-03T01:50:47.017Z","v":0}
{"name":"socket-pt","hostname":"MTNB843","pid":5780,"level":30,"msg":"Transimission time: 100239 +++++25626#####","time":"2023-03-03T01:50:47.603Z","v":0}
{"name":"socket-pt","hostname":"MTNB843","pid":5780,"level":30,"msg":"Transimission time: 100277 +++++25339.5#####","time":"2023-03-03T01:50:48.996Z","v":0}
{"name":"socket-pt","hostname":"MTNB843","pid":5780,"level":30,"msg":"Transimission time: 100361 +++++25416#####","time":"2023-03-03T01:50:53.502Z","v":0}
{"name":"socket-pt","hostname":"MTNB843","pid":5780,"level":30,"msg":"Transimission time: 100380 +++++25785.5#####","time":"2023-03-03T01:50:55.219Z","v":0}
{"name":"socket-pt","hostname":"MTNB843","pid":5780,"level":30,"msg":"Transimission time: 100409 +++++25349.5#####","time":"2023-03-03T01:50:55.855Z","v":0}
{"name":"socket-pt","hostname":"MTNB843","pid":5780,"level":30,"msg":"Transimission time: 100423 +++++25563#####","time":"2023-03-03T01:50:57.005Z","v":0}
{"name":"socket-pt","hostname":"MTNB843","pid":5780,"level":30,"msg":"Transimission time: 100435 +++++25673.5#####","time":"2023-03-03T01:50:57.845Z","v":0}
{"name":"socket-pt","hostname":"MTNB843","pid":5780,"level":30,"msg":"Transimission time: 100446 +++++25450.5#####","time":"2023-03-03T01:50:57.970Z","v":0}
{"name":"socket-pt","hostname":"MTNB843","pid":5780,"level":30,"msg":"Transimission time: 100453 +++++25694.5#####","time":"2023-03-03T01:50:58.819Z","v":0}
{"name":"socket-pt","hostname":"MTNB843","pid":5780,"level":30,"msg":"Transimission time: 100481 +++++25678#####","time":"2023-03-03T01:51:00.231Z","v":0}
